


ARM Macro Assembler    Page 1 


    1 00000000         ; Exemplo.s
    2 00000000         ; Desenvolvido para a placa EK-TM4C1294XL
    3 00000000         ; Prof. Guilherme Peron
    4 00000000         ; 12/03/2018
    5 00000000         
    6 00000000         
    7 00000000         ; ------------------------------------------------------
                       -------------------------
    8 00000000         ; Declarações EQU
    9 00000000         ;<NOME>         EQU <VALOR>
   10 00000000         
   11 00000000         ; ------------------------------------------------------
                       -------------------------
   12 00000000         
   13 00000000                 AREA             |.text|, CODE, READONLY, ALIGN=
2
   14 00000000                 THUMB
   15 00000000         
   16 00000000         ; Se alguma função do arquivo for chamada em outro arqui
                       vo 
   17 00000000                 EXPORT           Start       ; Permite chamar a 
                                                            função Start a part
                                                            ir de 
   18 00000000         ; outro arquivo. No caso startup.s
   19 00000000         
   20 00000000         ; Se chamar alguma função externa 
   21 00000000         ;IMPORT <func>              ; Permite chamar dentro dest
                       e arquivo uma 
   22 00000000         ; função <func>
   23 00000000         
   24 00000000         ; ------------------------------------------------------
                       --------------------------
   25 00000000         Start
   26 00000000 F04F 0065       MOV              R0, #101    ;Salva no registrad
                                                            or R0 o valor 
   27 00000004 30FD            ADDS             R0, #253    ;Adiciona o R0 com 
                                                            253 e atualiza o C
   28 00000006         
   29 00000006 F649 615F       MOV              R1, #40543  ;Salva no registrad
                                                            or R1 o valor 
   30 0000000A F201 51DC       ADD              R1, #1500   ;Adiciona R1 com 15
                                                            00
   31 0000000E         
   32 0000000E F44F 72AA       MOV              R2, #340    ;Salva no registrad
                                                            or R2 o valor 
   33 00000012 3A7B            SUBS             R2, #123    ;Subtrai os dois nú
                                                            meros e atualiza o 
                                                            C  
   34 00000014         
   35 00000014 F44F 737A       MOV              R3, #1000   ;Salva no registrad
                                                            or R3 o valor 
   36 00000018 F5B3 63FA       SUBS             R3, #2000   ;Subtrai os dois nú
                                                            meros e atualiza o 
                                                            C 
   37 0000001C         
   38 0000001C F24D 446A       MOV              R4, #54378  ;Salva no registrad
                                                            or R4 o valor 
   39 00000020 F04F 0B04       MOV              R11, #4     ;Salva no registrad
                                                            or R11 o valor



ARM Macro Assembler    Page 2 


   40 00000024 FB04 F40B       MUL              R4, R11     ;Multiplica o númer
                                                            o por 4 ou desloca 
                                                            para esquerda
   41 00000028         
   42 00000028 F243 3544       MOV              R5, #0x3344 ;Salva os números m
                                                            enos significativos
                                                             no R5 
   43 0000002C F2C1 1522       MOVT             R5, #0x1122 ;Salva os números m
                                                            ais significativos 
                                                            no R5
   44 00000030 F242 2611       MOV              R6, #0x2211 ;Salva os números m
                                                            enos significativos
                                                             no R6 
   45 00000034 F2C4 4633       MOVT             R6, #0x4433 ;Salva os números m
                                                            ais significativos 
                                                            no R6
   46 00000038 FBA5 7806       UMULL            R7, R8, R5, R6 ;Multiplica R5 p
                                                            or R6 e salva os ma
                                                            is significativos
   47 0000003C         ;em R8 e os menos significativos em R7
   48 0000003C         
   49 0000003C F247 5960       MOV              R9, #0x7560 ;Salva os números m
                                                            enos significativos
                                                             no R9 
   50 00000040 F6CF 79FF       MOVT             R9, #0xFFFF ;Salva os números m
                                                            ais significativos 
                                                            no R9
   51 00000044 F44F 7B7A       MOV              R11, #1000  ;Salva no registrad
                                                            or R11 o valor 
   52 00000048 FB99 F9FB       SDIV             R9, R11     ;Divide R9 por 1000
                                                             com sinal
   53 0000004C         
   54 0000004C F247 5A60       MOV              R10, #0x7560 ;Salva os números 
                                                            menos significativo
                                                            s no R10 
   55 00000050 F6CF 7AFF       MOVT             R10, #0xFFFF ;Salva os números 
                                                            mais significativos
                                                             no R10           
   56 00000054 FBBA FAFB       UDIV             R10,  R11   ;Divide R9 por 1000
                                                             sem sinal
   57 00000058         
   58 00000058         
   59 00000058 BF00            NOP
   60 0000005A         
   61 0000005A         
   62 0000005A 00 00           ALIGN                        ; garante que o fim
                                                             da seção está alin
                                                            hada 
   63 0000005C                 END                          ; fim do arquivo
Command Line: --debug --xref --diag_suppress=9931 --cpu=Cortex-M4.fp --apcs=int
erwork --depend=.\objects\exemplo.d -o.\objects\exemplo.o -I.\RTE\_Target_1 -IC
:\Keil\ARM\PACK\Keil\TM4C_DFP\1.1.0\Device\Include\TM4C129 -IC:\Keil\ARM\CMSIS\
Include --predefine="__EVAL SETA 1" --predefine="__UVISION_VERSION SETA 524" --
predefine="TM4C1294NCPDT SETA 1" --list=.\listings\exemplo.lst exemplo.s



ARM Macro Assembler    Page 1 Alphabetic symbol ordering
Relocatable symbols

.text 00000000

Symbol: .text
   Definitions
      At line 13 in file exemplo.s
   Uses
      None
Comment: .text unused
Start 00000000

Symbol: Start
   Definitions
      At line 25 in file exemplo.s
   Uses
      At line 17 in file exemplo.s
Comment: Start used once
2 symbols
336 symbols in table
