


ARM Macro Assembler    Page 1 


    1 00000000         ; gpio.s
    2 00000000         ; Desenvolvido para a placa EK-TM4C1294XL
    3 00000000         ; Prof. Guilherme Peron
    4 00000000         ; Ver 1 19/03/2018
    5 00000000         ; Ver 2 26/08/2018
    6 00000000         
    7 00000000         ; ------------------------------------------------------
                       -------------------------
    8 00000000                 THUMB                        ; Instruções do tip
                                                            o Thumb-2
    9 00000000         ; ------------------------------------------------------
                       -------------------------
   10 00000000         ; Declarações EQU - Defines
   11 00000000         ; ========================
   12 00000000         ; Definições de Valores
   13 00000000 00000001 
                       BIT0    EQU              2_0001
   14 00000000 00000002 
                       BIT1    EQU              2_0010
   15 00000000         ; ========================
   16 00000000         ; Definições dos Registradores Gerais
   17 00000000 400FE608 
                       SYSCTL_RCGCGPIO_R
                               EQU              0x400FE608
   18 00000000 400FEA08 
                       SYSCTL_PRGPIO_R
                               EQU              0x400FEA08
   19 00000000         ; ========================
   20 00000000         ; Definições dos Ports
   21 00000000         ;PORT A
   22 00000000 40058520 
                       GPIO_PORTA_AHB_LOCK_R
                               EQU              0x40058520
   23 00000000 40058524 
                       GPIO_PORTA_AHB_CR_R
                               EQU              0x40058524
   24 00000000 40058528 
                       GPIO_PORTA_AHB_AMSEL_R
                               EQU              0x40058528
   25 00000000 4005852C 
                       GPIO_PORTA_AHB_PCTL_R
                               EQU              0x4005852C
   26 00000000 40058400 
                       GPIO_PORTA_AHB_DIR_R
                               EQU              0x40058400
   27 00000000 40058420 
                       GPIO_PORTA_AHB_AFSEL_R
                               EQU              0x40058420
   28 00000000 4005851C 
                       GPIO_PORTA_AHB_DEN_R
                               EQU              0x4005851C
   29 00000000 40058510 
                       GPIO_PORTA_AHB_PUR_R
                               EQU              0x40058510
   30 00000000 400583FC 
                       GPIO_PORTA_AHB_DATA_R
                               EQU              0x400583FC
   31 00000000 00000001 
                       GPIO_PORTA



ARM Macro Assembler    Page 2 


                               EQU              2_000000000000001
   32 00000000         ;PORT B
   33 00000000 40059520 
                       GPIO_PORTB_AHB_LOCK_R
                               EQU              0x40059520
   34 00000000 40059524 
                       GPIO_PORTB_AHB_CR_R
                               EQU              0x40059524
   35 00000000 40059528 
                       GPIO_PORTB_AHB_AMSEL_R
                               EQU              0x40059528
   36 00000000 4005952C 
                       GPIO_PORTB_AHB_PCTL_R
                               EQU              0x4005952C
   37 00000000 40059400 
                       GPIO_PORTB_AHB_DIR_R
                               EQU              0x40059400
   38 00000000 40059420 
                       GPIO_PORTB_AHB_AFSEL_R
                               EQU              0x40059420
   39 00000000 4005951C 
                       GPIO_PORTB_AHB_DEN_R
                               EQU              0x4005951C
   40 00000000 40059510 
                       GPIO_PORTB_AHB_PUR_R
                               EQU              0x40059510
   41 00000000 400593FC 
                       GPIO_PORTB_AHB_DATA_R
                               EQU              0x400593FC
   42 00000000 00000002 
                       GPIO_PORTB
                               EQU              2_000000000000010
   43 00000000         ;PORT J
   44 00000000 40060520 
                       GPIO_PORTJ_AHB_LOCK_R
                               EQU              0x40060520
   45 00000000 40060524 
                       GPIO_PORTJ_AHB_CR_R
                               EQU              0x40060524
   46 00000000 40060528 
                       GPIO_PORTJ_AHB_AMSEL_R
                               EQU              0x40060528
   47 00000000 4006052C 
                       GPIO_PORTJ_AHB_PCTL_R
                               EQU              0x4006052C
   48 00000000 40060400 
                       GPIO_PORTJ_AHB_DIR_R
                               EQU              0x40060400
   49 00000000 40060420 
                       GPIO_PORTJ_AHB_AFSEL_R
                               EQU              0x40060420
   50 00000000 4006051C 
                       GPIO_PORTJ_AHB_DEN_R
                               EQU              0x4006051C
   51 00000000 40060510 
                       GPIO_PORTJ_AHB_PUR_R
                               EQU              0x40060510
   52 00000000 400603FC 
                       GPIO_PORTJ_AHB_DATA_R



ARM Macro Assembler    Page 3 


                               EQU              0x400603FC
   53 00000000 00000100 
                       GPIO_PORTJ
                               EQU              2_000000100000000
   54 00000000         ;PORT P
   55 00000000 40065520 
                       GPIO_PORTP_AHB_LOCK_R
                               EQU              0x40065520
   56 00000000 40065524 
                       GPIO_PORTP_AHB_CR_R
                               EQU              0x40065524
   57 00000000 40065528 
                       GPIO_PORTP_AHB_AMSEL_R
                               EQU              0x40065528
   58 00000000 4006552C 
                       GPIO_PORTP_AHB_PCTL_R
                               EQU              0x4006552C
   59 00000000 40065400 
                       GPIO_PORTP_AHB_DIR_R
                               EQU              0x40065400
   60 00000000 40065420 
                       GPIO_PORTP_AHB_AFSEL_R
                               EQU              0x40065420
   61 00000000 4006551C 
                       GPIO_PORTP_AHB_DEN_R
                               EQU              0x4006551C
   62 00000000 40065510 
                       GPIO_PORTP_AHB_PUR_R
                               EQU              0x40065510
   63 00000000 400653FC 
                       GPIO_PORTP_AHB_DATA_R
                               EQU              0x400653FC
   64 00000000 00002000 
                       GPIO_PORTP
                               EQU              2_010000000000000
   65 00000000         ;PORT Q
   66 00000000 40066520 
                       GPIO_PORTQ_AHB_LOCK_R
                               EQU              0x40066520
   67 00000000 40066524 
                       GPIO_PORTQ_AHB_CR_R
                               EQU              0x40066524
   68 00000000 40066528 
                       GPIO_PORTQ_AHB_AMSEL_R
                               EQU              0x40066528
   69 00000000 4006652C 
                       GPIO_PORTQ_AHB_PCTL_R
                               EQU              0x4006652C
   70 00000000 40066400 
                       GPIO_PORTQ_AHB_DIR_R
                               EQU              0x40066400
   71 00000000 40066420 
                       GPIO_PORTQ_AHB_AFSEL_R
                               EQU              0x40066420
   72 00000000 4006651C 
                       GPIO_PORTQ_AHB_DEN_R
                               EQU              0x4006651C
   73 00000000 40066510 
                       GPIO_PORTQ_AHB_PUR_R



ARM Macro Assembler    Page 4 


                               EQU              0x40066510
   74 00000000 400663FC 
                       GPIO_PORTQ_AHB_DATA_R
                               EQU              0x400663FC
   75 00000000 00004000 
                       GPIO_PORTQ
                               EQU              2_100000000000000
   76 00000000         
   77 00000000         
   78 00000000         ; ------------------------------------------------------
                       -------------------------
   79 00000000         ; Área de Código - Tudo abaixo da diretiva a seguir será
                        armazenado na memória de 
   80 00000000         ;                  código
   81 00000000                 AREA             |.text|, CODE, READONLY, ALIGN=
2
   82 00000000         
   83 00000000         ; Se alguma função do arquivo for chamada em outro arqui
                       vo 
   84 00000000                 EXPORT           GPIO_Init   ; Permite chamar GP
                                                            IO_Init de outro ar
                                                            quivo
   85 00000000                 EXPORT           PortA_Output ; Permite chamar P
                                                            ortA_Output de outr
                                                            o arquivo
   86 00000000                 EXPORT           PortB_Output ; Permite chamar P
                                                            ortB_Output de outr
                                                            o arquivo
   87 00000000                 EXPORT           PortP_Output ; Permite chamar P
                                                            ortP_Output de outr
                                                            o arquivo
   88 00000000                 EXPORT           PortQ_Output ; Permite chamar P
                                                            ortQ_Output de outr
                                                            o arquivo   
   89 00000000                 EXPORT           PortJ_Input ; Permite chamar Po
                                                            rtJ_Input de outro 
                                                            arquivo
   90 00000000         
   91 00000000         
   92 00000000         ;-------------------------------------------------------
                       -------------------------
   93 00000000         ; Função GPIO_Init
   94 00000000         ; Parâmetro de entrada: Não tem
   95 00000000         ; Parâmetro de saída: Não tem
   96 00000000         GPIO_Init
   97 00000000         ;=====================
   98 00000000         ; 1. Ativar o clock para a porta setando o bit correspon
                       dente no registrador RCGCGPIO,
   99 00000000         ; após isso verificar no PRGPIO se a porta está pronta p
                       ara uso.
  100 00000000         ; enable clock to GPIOF at clock gating register
  101 00000000 4850            LDR              R0, =SYSCTL_RCGCGPIO_R ;Carrega
                                                             o endereço do regi
                                                            strador RCGCGPIO
  102 00000002 F04F 0101       MOV              R1, #GPIO_PORTA ;Seta o bit da 
                                                            porta A
  103 00000006 F041 0102       ORR              R1, #GPIO_PORTB ;Seta o bit da 
                                                            porta B
  104 0000000A F441 5100       ORR              R1, #GPIO_PORTP ;Seta o bit da 



ARM Macro Assembler    Page 5 


                                                            porta P
  105 0000000E F441 4180       ORR              R1, #GPIO_PORTQ ;Seta o bit da 
                                                            porta Q
  106 00000012 F441 7180       ORR              R1, #GPIO_PORTJ ;Seta o bit da 
                                                            porta J
  107 00000016 6001            STR              R1, [R0]    ;Move para a memóri
                                                            a os bits das porta
                                                            s no endereço do RC
                                                            GCGPIO
  108 00000018         
  109 00000018 484B            LDR              R0, =SYSCTL_PRGPIO_R ;Carrega o
                                                             endereço do PRGPIO
                                                             para esperar os GP
                                                            IO ficarem prontos
  110 0000001A 6801    EsperaGPIO
                               LDR              R1, [R0]    ;Lê da memória o co
                                                            nteúdo do endereço 
                                                            do registrador
  111 0000001C F04F 0201       MOV              R2, #GPIO_PORTA ;Seta os bits c
                                                            orrespondentes às p
                                                            ortas para fazer a 
                                                            comparação
  112 00000020 F042 0202       ORR              R2, #GPIO_PORTB ;Seta o bit da 
                                                            porta B
  113 00000024 F442 5200       ORR              R2, #GPIO_PORTP ;Seta o bit da 
                                                            porta P
  114 00000028 F442 4280       ORR              R2, #GPIO_PORTQ ;Seta o bit da 
                                                            porta Q
  115 0000002C F442 7280       ORR              R2, #GPIO_PORTJ ;Seta o bit da 
                                                            porta J
  116 00000030 4211            TST              R1, R2      ;ANDS de R1 com R2
  117 00000032 D0F2            BEQ              EsperaGPIO  ;Se o flag Z=1, vol
                                                            ta para o laço. Sen
                                                            ão continua executa
                                                            ndo
  118 00000034         
  119 00000034         ; 2. Limpar o AMSEL para desabilitar a analógica
  120 00000034 F04F 0100       MOV              R1, #0x00   ;Colocar 0 no regis
                                                            trador para desabil
                                                            itar a função analó
                                                            gica
  121 00000038 4844            LDR              R0, =GPIO_PORTJ_AHB_AMSEL_R ;Ca
                                                            rrega o R0 com o en
                                                            dereço do AMSEL par
                                                            a a porta J
  122 0000003A 6001            STR              R1, [R0]    ;Guarda no registra
                                                            dor AMSEL da porta 
                                                            J da memória
  123 0000003C 4844            LDR              R0, =GPIO_PORTA_AHB_AMSEL_R ;Ca
                                                            rrega o R0 com o en
                                                            dereço do AMSEL par
                                                            a a porta A
  124 0000003E 6001            STR              R1, [R0]    ;Guarda no registra
                                                            dor AMSEL da porta 
                                                            A da memória
  125 00000040 4844            LDR              R0, =GPIO_PORTB_AHB_AMSEL_R ;Ca
                                                            rrega o R0 com o en
                                                            dereço do AMSEL par
                                                            a a porta B



ARM Macro Assembler    Page 6 


  126 00000042 6001            STR              R1, [R0]    ;Guarda no registra
                                                            dor AMSEL da porta 
                                                            B da memória
  127 00000044 4844            LDR              R0, =GPIO_PORTP_AHB_AMSEL_R ;Ca
                                                            rrega o R0 com o en
                                                            dereço do AMSEL par
                                                            a a porta P
  128 00000046 6001            STR              R1, [R0]    ;Guarda no registra
                                                            dor AMSEL da porta 
                                                            P da memória
  129 00000048 4844            LDR              R0, =GPIO_PORTQ_AHB_AMSEL_R ;Ca
                                                            rrega o R0 com o en
                                                            dereço do AMSEL par
                                                            a a porta Q
  130 0000004A 6001            STR              R1, [R0]    ;Guarda no registra
                                                            dor AMSEL da porta 
                                                            Q da memória
  131 0000004C         
  132 0000004C         
  133 0000004C         ; 3. Limpar PCTL para selecionar o GPIO
  134 0000004C F04F 0100       MOV              R1, #0x00   ;Colocar 0 no regis
                                                            trador para selecio
                                                            nar o modo GPIO
  135 00000050 4843            LDR              R0, =GPIO_PORTJ_AHB_PCTL_R ;Car
                                                            rega o R0 com o end
                                                            ereço do PCTL para 
                                                            a porta J
  136 00000052 6001            STR              R1, [R0]    ;Guarda no registra
                                                            dor PCTL da porta J
                                                             da memória
  137 00000054 4843            LDR              R0, =GPIO_PORTA_AHB_PCTL_R ;Car
                                                            rega o R0 com o end
                                                            ereço do PCTL para 
                                                            a porta A
  138 00000056 6001            STR              R1, [R0]    ;Guarda no registra
                                                            dor PCTL da porta A
                                                             da memória
  139 00000058 4843            LDR              R0, =GPIO_PORTB_AHB_PCTL_R ;Car
                                                            rega o R0 com o end
                                                            ereço do PCTL para 
                                                            a porta B
  140 0000005A 6001            STR              R1, [R0]    ;Guarda no registra
                                                            dor PCTL da porta B
                                                             da memória
  141 0000005C 4843            LDR              R0, =GPIO_PORTP_AHB_PCTL_R ;Car
                                                            rega o R0 com o end
                                                            ereço do PCTL para 
                                                            a porta P
  142 0000005E 6001            STR              R1, [R0]    ;Guarda no registra
                                                            dor PCTL da porta P
                                                             da memória
  143 00000060 4843            LDR              R0, =GPIO_PORTQ_AHB_PCTL_R ;Car
                                                            rega o R0 com o end
                                                            ereço do PCTL para 
                                                            a porta Q
  144 00000062 6001            STR              R1, [R0]    ;Guarda no registra
                                                            dor PCTL da porta Q
                                                             da memória
  145 00000064         ; 4. DIR para 0 se for entrada, 1 se for saída



ARM Macro Assembler    Page 7 


  146 00000064 4843            LDR              R0, =GPIO_PORTA_AHB_DIR_R ;Carr
                                                            ega o R0 com o ende
                                                            reço do DIR para a 
                                                            porta A
  147 00000066 F04F 01F0       MOV              R1, #2_11110000 ;PA4,5,6,7
  148 0000006A 6001            STR              R1, [R0]    ;Guarda no registra
                                                            dor
  149 0000006C 4842            LDR              R0, =GPIO_PORTB_AHB_DIR_R ;Carr
                                                            ega o R0 com o ende
                                                            reço do DIR para a 
                                                            porta B
  150 0000006E F04F 0130       MOV              R1, #2_00110000 ;PB4,5
  151 00000072 6001            STR              R1, [R0]    ;Guarda no registra
                                                            dor
  152 00000074 4841            LDR              R0, =GPIO_PORTP_AHB_DIR_R ;Carr
                                                            ega o R0 com o ende
                                                            reço do DIR para a 
                                                            porta P
  153 00000076 F04F 0120       MOV              R1, #2_00100000 ;PP5
  154 0000007A 6001            STR              R1, [R0]    ;Guarda no registra
                                                            dor
  155 0000007C 4840            LDR              R0, =GPIO_PORTQ_AHB_DIR_R ;Carr
                                                            ega o R0 com o ende
                                                            reço do DIR para a 
                                                            porta Q
  156 0000007E F04F 010F       MOV              R1, #2_00001111 ;PQ0,1,2,3
  157 00000082 6001            STR              R1, [R0]    ;Guarda no registra
                                                            dor
  158 00000084         ; O certo era verificar os outros bits da PJ para não tr
                       ansformar entradas em saídas desnecessárias
  159 00000084 483F            LDR              R0, =GPIO_PORTJ_AHB_DIR_R ;Carr
                                                            ega o R0 com o ende
                                                            reço do DIR para a 
                                                            porta J
  160 00000086 F04F 0100       MOV              R1, #0x00   ;Colocar 0 no regis
                                                            trador DIR para fun
                                                            cionar com saída
  161 0000008A 6001            STR              R1, [R0]    ;Guarda no registra
                                                            dor PCTL da porta J
                                                             da memória
  162 0000008C         ; 5. Limpar os bits AFSEL para 0 para selecionar GPIO 
  163 0000008C         ;    Sem função alternativa
  164 0000008C F04F 0100       MOV              R1, #0x00   ;Colocar o valor 0 
                                                            para não setar funç
                                                            ão alternativa
  165 00000090 483D            LDR              R0, =GPIO_PORTA_AHB_AFSEL_R ;Ca
                                                            rrega o endereço do
                                                             AFSEL da porta A
  166 00000092 6001            STR              R1, [R0]    ;Escreve na porta
  167 00000094 483D            LDR              R0, =GPIO_PORTB_AHB_AFSEL_R ;Ca
                                                            rrega o endereço do
                                                             AFSEL da porta B
  168 00000096 6001            STR              R1, [R0]    ;Escreve na porta
  169 00000098 483D            LDR              R0, =GPIO_PORTP_AHB_AFSEL_R ;Ca
                                                            rrega o endereço do
                                                             AFSEL da porta P
  170 0000009A 6001            STR              R1, [R0]    ;Escreve na porta
  171 0000009C 483D            LDR              R0, =GPIO_PORTQ_AHB_AFSEL_R ;Ca
                                                            rrega o endereço do



ARM Macro Assembler    Page 8 


                                                             AFSEL da porta Q
  172 0000009E 6001            STR              R1, [R0]    ;Escreve na porta
  173 000000A0 483D            LDR              R0, =GPIO_PORTJ_AHB_AFSEL_R ;Ca
                                                            rrega o endereço do
                                                             AFSEL da porta J
  174 000000A2 6001            STR              R1, [R0]    ;Escreve na porta
  175 000000A4         ; 6. Setar os bits de DEN para habilitar I/O digital
  176 000000A4 483D            LDR              R0, =GPIO_PORTA_AHB_DEN_R ;Carr
                                                            ega o endereço do D
                                                            EN
  177 000000A6 6801            LDR              R1, [R0]    ;Ler da memória o r
                                                            egistrador GPIO_POR
                                                            TA_AHB_DEN_R
  178 000000A8 F04F 02F0       MOV              R2, #2_11110000
  179 000000AC EA41 0102       ORR              R1, R2
  180 000000B0 6001            STR              R1, [R0]    ;Escreve no registr
                                                            ador da memória fun
                                                            cionalidade digital
                                                             
  181 000000B2         
  182 000000B2 483B            LDR              R0, =GPIO_PORTB_AHB_DEN_R ;Carr
                                                            ega o endereço do D
                                                            EN
  183 000000B4 6801            LDR              R1, [R0]    ;Ler da memória o r
                                                            egistrador GPIO_POR
                                                            TB_AHB_DEN_R
  184 000000B6 F04F 0230       MOV              R2, #2_00110000
  185 000000BA EA41 0102       ORR              R1, R2
  186 000000BE 6001            STR              R1, [R0]    ;Escreve no registr
                                                            ador da memória fun
                                                            cionalidade digital
                                                            
  187 000000C0         
  188 000000C0 4838            LDR              R0, =GPIO_PORTP_AHB_DEN_R ;Carr
                                                            ega o endereço do D
                                                            EN
  189 000000C2 6801            LDR              R1, [R0]    ;Ler da memória o r
                                                            egistrador GPIO_POR
                                                            TP_AHB_DEN_R
  190 000000C4 F04F 0220       MOV              R2, #2_00100000
  191 000000C8 EA41 0102       ORR              R1, R2
  192 000000CC 6001            STR              R1, [R0]    ;Escreve no registr
                                                            ador da memória fun
                                                            cionalidade digital
                                                            
  193 000000CE         
  194 000000CE 4836            LDR              R0, =GPIO_PORTQ_AHB_DEN_R ;Carr
                                                            ega o endereço do D
                                                            EN
  195 000000D0 6801            LDR              R1, [R0]    ;Ler da memória o r
                                                            egistrador GPIO_POR
                                                            TQ_AHB_DEN_R
  196 000000D2 F04F 020F       MOV              R2, #2_00001111
  197 000000D6 EA41 0102       ORR              R1, R2
  198 000000DA 6001            STR              R1, [R0]    ;Escreve no registr
                                                            ador da memória fun
                                                            cionalidade digital
                                                            
  199 000000DC         



ARM Macro Assembler    Page 9 


  200 000000DC 4833            LDR              R0, =GPIO_PORTJ_AHB_DEN_R ;Carr
                                                            ega o endereço do D
                                                            EN
  201 000000DE 6801            LDR              R1, [R0]    ;Ler da memória o r
                                                            egistrador GPIO_POR
                                                            TN_AHB_DEN_R
  202 000000E0 F04F 0201       MOV              R2, #BIT0
  203 000000E4 F042 0202       ORR              R2, #BIT1   ;Habilitar funciona
                                                            lidade digital na D
                                                            EN os bits 0 e 1
  204 000000E8 EA41 0102       ORR              R1, R2
  205 000000EC 6001            STR              R1, [R0]    ;Escreve no registr
                                                            ador da memória fun
                                                            cionalidade digital
                                                            
  206 000000EE         
  207 000000EE         ; 7. Para habilitar resistor de pull-up interno, setar P
                       UR para 1
  208 000000EE 4830            LDR              R0, =GPIO_PORTJ_AHB_PUR_R ;Carr
                                                            ega o endereço do P
                                                            UR para a porta J
  209 000000F0 F04F 0101       MOV              R1, #BIT0   ;Habilitar funciona
                                                            lidade digital de r
                                                            esistor de pull-up 
                                                            
  210 000000F4 F041 0102       ORR              R1, #BIT1   ;nos bits 0 e 1
  211 000000F8 6001            STR              R1, [R0]    ;Escreve no registr
                                                            ador da memória do 
                                                            resistor de pull-up
                                                            
  212 000000FA 4770            BX               LR
  213 000000FC         ; ------------------------------------------------------
                       -------------------------
  214 000000FC         ; Função PortA_Output
  215 000000FC         ; Parâmetro de entrada: 
  216 000000FC         ; Parâmetro de saída: Não tem
  217 000000FC         PortA_Output
  218 000000FC 492D            LDR              R1, =GPIO_PORTA_AHB_DATA_R ;Car
                                                            rega o valor do off
                                                            set do data registe
                                                            r
  219 000000FE         ;Read-Modify-Write para escrita
  220 000000FE 680A            LDR              R2, [R1]
  221 00000100 F022 02F0       BIC              R2, #2_11110000
  222 00000104 EA40 0002       ORR              R0, R0, R2  ;Fazer o OR do lido
                                                             pela porta com o p
                                                            arâmetro de entrada
                                                            
  223 00000108 6008            STR              R0, [R1]    ;Escreve na porta A
                                                            
  224 0000010A 4770            BX               LR
  225 0000010C         
  226 0000010C         ; Função PortB_Output
  227 0000010C         ; Parâmetro de entrada: 
  228 0000010C         ; Parâmetro de saída: Não tem
  229 0000010C         PortB_Output
  230 0000010C 492A            LDR              R1, =GPIO_PORTB_AHB_DATA_R ;Car
                                                            rega o valor do off
                                                            set do data registe



ARM Macro Assembler    Page 10 


                                                            r
  231 0000010E         ;Read-Modify-Write para escrita
  232 0000010E 680A            LDR              R2, [R1]
  233 00000110 F022 0230       BIC              R2, #2_00110000
  234 00000114 EA40 0002       ORR              R0, R0, R2  ;Fazer o OR do lido
                                                             pela porta com o p
                                                            arâmetro de entrada
                                                            
  235 00000118 6008            STR              R0, [R1]    ;Escreve na porta B
                                                            
  236 0000011A 4770            BX               LR
  237 0000011C         
  238 0000011C         ; Função PortP_Output
  239 0000011C         ; Parâmetro de entrada: 
  240 0000011C         ; Parâmetro de saída: Não tem
  241 0000011C         PortP_Output
  242 0000011C 4927            LDR              R1, =GPIO_PORTP_AHB_DATA_R ;Car
                                                            rega o valor do off
                                                            set do data registe
                                                            r
  243 0000011E         ;Read-Modify-Write para escrita
  244 0000011E 680A            LDR              R2, [R1]
  245 00000120 F022 0220       BIC              R2, #2_00100000
  246 00000124 EA40 0002       ORR              R0, R0, R2  ;Fazer o OR do lido
                                                             pela porta com o p
                                                            arâmetro de entrada
                                                            
  247 00000128 6008            STR              R0, [R1]    ;Escreve na porta P
                                                            
  248 0000012A 4770            BX               LR
  249 0000012C         
  250 0000012C         ; Função PortQ_Output
  251 0000012C         ; Parâmetro de entrada: 
  252 0000012C         ; Parâmetro de saída: Não tem
  253 0000012C         PortQ_Output
  254 0000012C 4924            LDR              R1, =GPIO_PORTQ_AHB_DATA_R ;Car
                                                            rega o valor do off
                                                            set do data registe
                                                            r
  255 0000012E         ;Read-Modify-Write para escrita
  256 0000012E 680A            LDR              R2, [R1]
  257 00000130 F022 020F       BIC              R2, #2_00001111
  258 00000134 EA40 0002       ORR              R0, R0, R2  ;Fazer o OR do lido
                                                             pela porta com o p
                                                            arâmetro de entrada
                                                            
  259 00000138 6008            STR              R0, [R1]    ;Escreve na porta Q
                                                            
  260 0000013A 4770            BX               LR
  261 0000013C         
  262 0000013C         ; ------------------------------------------------------
                       -------------------------
  263 0000013C         ; Função PortJ_Input
  264 0000013C         ; Parâmetro de entrada: Não tem
  265 0000013C         ; Parâmetro de saída: R0 --> o valor da leitura
  266 0000013C         PortJ_Input
  267 0000013C 4921            LDR              R1, =GPIO_PORTJ_AHB_DATA_R ;Car
                                                            rega o valor do off
                                                            set do data registe



ARM Macro Assembler    Page 11 


                                                            r
  268 0000013E 6808            LDR              R0, [R1]    ;Lê no barramento d
                                                            e dados dos pinos [
                                                            J1-J0]
  269 00000140 4770            BX               LR
  270 00000142         
  271 00000142         
  272 00000142         
  273 00000142         
  274 00000142 00 00           ALIGN                        ; garante que o fim
                                                             da seção está alin
                                                            hada 
  275 00000144                 END                          ; fim do arquivo
              400FE608 
              400FEA08 
              40060528 
              40058528 
              40059528 
              40065528 
              40066528 
              4006052C 
              4005852C 
              4005952C 
              4006552C 
              4006652C 
              40058400 
              40059400 
              40065400 
              40066400 
              40060400 
              40058420 
              40059420 
              40065420 
              40066420 
              40060420 
              4005851C 
              4005951C 
              4006551C 
              4006651C 
              4006051C 
              40060510 
              400583FC 
              400593FC 
              400653FC 
              400663FC 
              400603FC 
Command Line: --debug --xref --diag_suppress=9931 --cpu=Cortex-M4.fp --apcs=int
erwork --depend=.\objects\gpio.d -o.\objects\gpio.o -I.\RTE\_Target_1 -IC:\Keil
_v5\ARM\PACK\Keil\TM4C_DFP\1.1.0\Device\Include\TM4C129 -IC:\Keil_v5\ARM\CMSIS\
Include --predefine="__EVAL SETA 1" --predefine="__UVISION_VERSION SETA 526" --
predefine="TM4C1294NCPDT SETA 1" --list=.\listings\gpio.lst gpio.s



ARM Macro Assembler    Page 1 Alphabetic symbol ordering
Relocatable symbols

.text 00000000

Symbol: .text
   Definitions
      At line 81 in file gpio.s
   Uses
      None
Comment: .text unused
EsperaGPIO 0000001A

Symbol: EsperaGPIO
   Definitions
      At line 110 in file gpio.s
   Uses
      At line 117 in file gpio.s
Comment: EsperaGPIO used once
GPIO_Init 00000000

Symbol: GPIO_Init
   Definitions
      At line 96 in file gpio.s
   Uses
      At line 84 in file gpio.s
Comment: GPIO_Init used once
PortA_Output 000000FC

Symbol: PortA_Output
   Definitions
      At line 217 in file gpio.s
   Uses
      At line 85 in file gpio.s
Comment: PortA_Output used once
PortB_Output 0000010C

Symbol: PortB_Output
   Definitions
      At line 229 in file gpio.s
   Uses
      At line 86 in file gpio.s
Comment: PortB_Output used once
PortJ_Input 0000013C

Symbol: PortJ_Input
   Definitions
      At line 266 in file gpio.s
   Uses
      At line 89 in file gpio.s
Comment: PortJ_Input used once
PortP_Output 0000011C

Symbol: PortP_Output
   Definitions
      At line 241 in file gpio.s
   Uses
      At line 87 in file gpio.s
Comment: PortP_Output used once
PortQ_Output 0000012C

Symbol: PortQ_Output



ARM Macro Assembler    Page 2 Alphabetic symbol ordering
Relocatable symbols

   Definitions
      At line 253 in file gpio.s
   Uses
      At line 88 in file gpio.s
Comment: PortQ_Output used once
8 symbols



ARM Macro Assembler    Page 1 Alphabetic symbol ordering
Absolute symbols

BIT0 00000001

Symbol: BIT0
   Definitions
      At line 13 in file gpio.s
   Uses
      At line 202 in file gpio.s
      At line 209 in file gpio.s

BIT1 00000002

Symbol: BIT1
   Definitions
      At line 14 in file gpio.s
   Uses
      At line 203 in file gpio.s
      At line 210 in file gpio.s

GPIO_PORTA 00000001

Symbol: GPIO_PORTA
   Definitions
      At line 31 in file gpio.s
   Uses
      At line 102 in file gpio.s
      At line 111 in file gpio.s

GPIO_PORTA_AHB_AFSEL_R 40058420

Symbol: GPIO_PORTA_AHB_AFSEL_R
   Definitions
      At line 27 in file gpio.s
   Uses
      At line 165 in file gpio.s
Comment: GPIO_PORTA_AHB_AFSEL_R used once
GPIO_PORTA_AHB_AMSEL_R 40058528

Symbol: GPIO_PORTA_AHB_AMSEL_R
   Definitions
      At line 24 in file gpio.s
   Uses
      At line 123 in file gpio.s
Comment: GPIO_PORTA_AHB_AMSEL_R used once
GPIO_PORTA_AHB_CR_R 40058524

Symbol: GPIO_PORTA_AHB_CR_R
   Definitions
      At line 23 in file gpio.s
   Uses
      None
Comment: GPIO_PORTA_AHB_CR_R unused
GPIO_PORTA_AHB_DATA_R 400583FC

Symbol: GPIO_PORTA_AHB_DATA_R
   Definitions
      At line 30 in file gpio.s
   Uses
      At line 218 in file gpio.s
Comment: GPIO_PORTA_AHB_DATA_R used once



ARM Macro Assembler    Page 2 Alphabetic symbol ordering
Absolute symbols

GPIO_PORTA_AHB_DEN_R 4005851C

Symbol: GPIO_PORTA_AHB_DEN_R
   Definitions
      At line 28 in file gpio.s
   Uses
      At line 176 in file gpio.s
Comment: GPIO_PORTA_AHB_DEN_R used once
GPIO_PORTA_AHB_DIR_R 40058400

Symbol: GPIO_PORTA_AHB_DIR_R
   Definitions
      At line 26 in file gpio.s
   Uses
      At line 146 in file gpio.s
Comment: GPIO_PORTA_AHB_DIR_R used once
GPIO_PORTA_AHB_LOCK_R 40058520

Symbol: GPIO_PORTA_AHB_LOCK_R
   Definitions
      At line 22 in file gpio.s
   Uses
      None
Comment: GPIO_PORTA_AHB_LOCK_R unused
GPIO_PORTA_AHB_PCTL_R 4005852C

Symbol: GPIO_PORTA_AHB_PCTL_R
   Definitions
      At line 25 in file gpio.s
   Uses
      At line 137 in file gpio.s
Comment: GPIO_PORTA_AHB_PCTL_R used once
GPIO_PORTA_AHB_PUR_R 40058510

Symbol: GPIO_PORTA_AHB_PUR_R
   Definitions
      At line 29 in file gpio.s
   Uses
      None
Comment: GPIO_PORTA_AHB_PUR_R unused
GPIO_PORTB 00000002

Symbol: GPIO_PORTB
   Definitions
      At line 42 in file gpio.s
   Uses
      At line 103 in file gpio.s
      At line 112 in file gpio.s

GPIO_PORTB_AHB_AFSEL_R 40059420

Symbol: GPIO_PORTB_AHB_AFSEL_R
   Definitions
      At line 38 in file gpio.s
   Uses
      At line 167 in file gpio.s
Comment: GPIO_PORTB_AHB_AFSEL_R used once
GPIO_PORTB_AHB_AMSEL_R 40059528




ARM Macro Assembler    Page 3 Alphabetic symbol ordering
Absolute symbols

Symbol: GPIO_PORTB_AHB_AMSEL_R
   Definitions
      At line 35 in file gpio.s
   Uses
      At line 125 in file gpio.s
Comment: GPIO_PORTB_AHB_AMSEL_R used once
GPIO_PORTB_AHB_CR_R 40059524

Symbol: GPIO_PORTB_AHB_CR_R
   Definitions
      At line 34 in file gpio.s
   Uses
      None
Comment: GPIO_PORTB_AHB_CR_R unused
GPIO_PORTB_AHB_DATA_R 400593FC

Symbol: GPIO_PORTB_AHB_DATA_R
   Definitions
      At line 41 in file gpio.s
   Uses
      At line 230 in file gpio.s
Comment: GPIO_PORTB_AHB_DATA_R used once
GPIO_PORTB_AHB_DEN_R 4005951C

Symbol: GPIO_PORTB_AHB_DEN_R
   Definitions
      At line 39 in file gpio.s
   Uses
      At line 182 in file gpio.s
Comment: GPIO_PORTB_AHB_DEN_R used once
GPIO_PORTB_AHB_DIR_R 40059400

Symbol: GPIO_PORTB_AHB_DIR_R
   Definitions
      At line 37 in file gpio.s
   Uses
      At line 149 in file gpio.s
Comment: GPIO_PORTB_AHB_DIR_R used once
GPIO_PORTB_AHB_LOCK_R 40059520

Symbol: GPIO_PORTB_AHB_LOCK_R
   Definitions
      At line 33 in file gpio.s
   Uses
      None
Comment: GPIO_PORTB_AHB_LOCK_R unused
GPIO_PORTB_AHB_PCTL_R 4005952C

Symbol: GPIO_PORTB_AHB_PCTL_R
   Definitions
      At line 36 in file gpio.s
   Uses
      At line 139 in file gpio.s
Comment: GPIO_PORTB_AHB_PCTL_R used once
GPIO_PORTB_AHB_PUR_R 40059510

Symbol: GPIO_PORTB_AHB_PUR_R
   Definitions
      At line 40 in file gpio.s



ARM Macro Assembler    Page 4 Alphabetic symbol ordering
Absolute symbols

   Uses
      None
Comment: GPIO_PORTB_AHB_PUR_R unused
GPIO_PORTJ 00000100

Symbol: GPIO_PORTJ
   Definitions
      At line 53 in file gpio.s
   Uses
      At line 106 in file gpio.s
      At line 115 in file gpio.s

GPIO_PORTJ_AHB_AFSEL_R 40060420

Symbol: GPIO_PORTJ_AHB_AFSEL_R
   Definitions
      At line 49 in file gpio.s
   Uses
      At line 173 in file gpio.s
Comment: GPIO_PORTJ_AHB_AFSEL_R used once
GPIO_PORTJ_AHB_AMSEL_R 40060528

Symbol: GPIO_PORTJ_AHB_AMSEL_R
   Definitions
      At line 46 in file gpio.s
   Uses
      At line 121 in file gpio.s
Comment: GPIO_PORTJ_AHB_AMSEL_R used once
GPIO_PORTJ_AHB_CR_R 40060524

Symbol: GPIO_PORTJ_AHB_CR_R
   Definitions
      At line 45 in file gpio.s
   Uses
      None
Comment: GPIO_PORTJ_AHB_CR_R unused
GPIO_PORTJ_AHB_DATA_R 400603FC

Symbol: GPIO_PORTJ_AHB_DATA_R
   Definitions
      At line 52 in file gpio.s
   Uses
      At line 267 in file gpio.s
Comment: GPIO_PORTJ_AHB_DATA_R used once
GPIO_PORTJ_AHB_DEN_R 4006051C

Symbol: GPIO_PORTJ_AHB_DEN_R
   Definitions
      At line 50 in file gpio.s
   Uses
      At line 200 in file gpio.s
Comment: GPIO_PORTJ_AHB_DEN_R used once
GPIO_PORTJ_AHB_DIR_R 40060400

Symbol: GPIO_PORTJ_AHB_DIR_R
   Definitions
      At line 48 in file gpio.s
   Uses
      At line 159 in file gpio.s



ARM Macro Assembler    Page 5 Alphabetic symbol ordering
Absolute symbols

Comment: GPIO_PORTJ_AHB_DIR_R used once
GPIO_PORTJ_AHB_LOCK_R 40060520

Symbol: GPIO_PORTJ_AHB_LOCK_R
   Definitions
      At line 44 in file gpio.s
   Uses
      None
Comment: GPIO_PORTJ_AHB_LOCK_R unused
GPIO_PORTJ_AHB_PCTL_R 4006052C

Symbol: GPIO_PORTJ_AHB_PCTL_R
   Definitions
      At line 47 in file gpio.s
   Uses
      At line 135 in file gpio.s
Comment: GPIO_PORTJ_AHB_PCTL_R used once
GPIO_PORTJ_AHB_PUR_R 40060510

Symbol: GPIO_PORTJ_AHB_PUR_R
   Definitions
      At line 51 in file gpio.s
   Uses
      At line 208 in file gpio.s
Comment: GPIO_PORTJ_AHB_PUR_R used once
GPIO_PORTP 00002000

Symbol: GPIO_PORTP
   Definitions
      At line 64 in file gpio.s
   Uses
      At line 104 in file gpio.s
      At line 113 in file gpio.s

GPIO_PORTP_AHB_AFSEL_R 40065420

Symbol: GPIO_PORTP_AHB_AFSEL_R
   Definitions
      At line 60 in file gpio.s
   Uses
      At line 169 in file gpio.s
Comment: GPIO_PORTP_AHB_AFSEL_R used once
GPIO_PORTP_AHB_AMSEL_R 40065528

Symbol: GPIO_PORTP_AHB_AMSEL_R
   Definitions
      At line 57 in file gpio.s
   Uses
      At line 127 in file gpio.s
Comment: GPIO_PORTP_AHB_AMSEL_R used once
GPIO_PORTP_AHB_CR_R 40065524

Symbol: GPIO_PORTP_AHB_CR_R
   Definitions
      At line 56 in file gpio.s
   Uses
      None
Comment: GPIO_PORTP_AHB_CR_R unused
GPIO_PORTP_AHB_DATA_R 400653FC



ARM Macro Assembler    Page 6 Alphabetic symbol ordering
Absolute symbols


Symbol: GPIO_PORTP_AHB_DATA_R
   Definitions
      At line 63 in file gpio.s
   Uses
      At line 242 in file gpio.s
Comment: GPIO_PORTP_AHB_DATA_R used once
GPIO_PORTP_AHB_DEN_R 4006551C

Symbol: GPIO_PORTP_AHB_DEN_R
   Definitions
      At line 61 in file gpio.s
   Uses
      At line 188 in file gpio.s
Comment: GPIO_PORTP_AHB_DEN_R used once
GPIO_PORTP_AHB_DIR_R 40065400

Symbol: GPIO_PORTP_AHB_DIR_R
   Definitions
      At line 59 in file gpio.s
   Uses
      At line 152 in file gpio.s
Comment: GPIO_PORTP_AHB_DIR_R used once
GPIO_PORTP_AHB_LOCK_R 40065520

Symbol: GPIO_PORTP_AHB_LOCK_R
   Definitions
      At line 55 in file gpio.s
   Uses
      None
Comment: GPIO_PORTP_AHB_LOCK_R unused
GPIO_PORTP_AHB_PCTL_R 4006552C

Symbol: GPIO_PORTP_AHB_PCTL_R
   Definitions
      At line 58 in file gpio.s
   Uses
      At line 141 in file gpio.s
Comment: GPIO_PORTP_AHB_PCTL_R used once
GPIO_PORTP_AHB_PUR_R 40065510

Symbol: GPIO_PORTP_AHB_PUR_R
   Definitions
      At line 62 in file gpio.s
   Uses
      None
Comment: GPIO_PORTP_AHB_PUR_R unused
GPIO_PORTQ 00004000

Symbol: GPIO_PORTQ
   Definitions
      At line 75 in file gpio.s
   Uses
      At line 105 in file gpio.s
      At line 114 in file gpio.s

GPIO_PORTQ_AHB_AFSEL_R 40066420

Symbol: GPIO_PORTQ_AHB_AFSEL_R



ARM Macro Assembler    Page 7 Alphabetic symbol ordering
Absolute symbols

   Definitions
      At line 71 in file gpio.s
   Uses
      At line 171 in file gpio.s
Comment: GPIO_PORTQ_AHB_AFSEL_R used once
GPIO_PORTQ_AHB_AMSEL_R 40066528

Symbol: GPIO_PORTQ_AHB_AMSEL_R
   Definitions
      At line 68 in file gpio.s
   Uses
      At line 129 in file gpio.s
Comment: GPIO_PORTQ_AHB_AMSEL_R used once
GPIO_PORTQ_AHB_CR_R 40066524

Symbol: GPIO_PORTQ_AHB_CR_R
   Definitions
      At line 67 in file gpio.s
   Uses
      None
Comment: GPIO_PORTQ_AHB_CR_R unused
GPIO_PORTQ_AHB_DATA_R 400663FC

Symbol: GPIO_PORTQ_AHB_DATA_R
   Definitions
      At line 74 in file gpio.s
   Uses
      At line 254 in file gpio.s
Comment: GPIO_PORTQ_AHB_DATA_R used once
GPIO_PORTQ_AHB_DEN_R 4006651C

Symbol: GPIO_PORTQ_AHB_DEN_R
   Definitions
      At line 72 in file gpio.s
   Uses
      At line 194 in file gpio.s
Comment: GPIO_PORTQ_AHB_DEN_R used once
GPIO_PORTQ_AHB_DIR_R 40066400

Symbol: GPIO_PORTQ_AHB_DIR_R
   Definitions
      At line 70 in file gpio.s
   Uses
      At line 155 in file gpio.s
Comment: GPIO_PORTQ_AHB_DIR_R used once
GPIO_PORTQ_AHB_LOCK_R 40066520

Symbol: GPIO_PORTQ_AHB_LOCK_R
   Definitions
      At line 66 in file gpio.s
   Uses
      None
Comment: GPIO_PORTQ_AHB_LOCK_R unused
GPIO_PORTQ_AHB_PCTL_R 4006652C

Symbol: GPIO_PORTQ_AHB_PCTL_R
   Definitions
      At line 69 in file gpio.s
   Uses



ARM Macro Assembler    Page 8 Alphabetic symbol ordering
Absolute symbols

      At line 143 in file gpio.s
Comment: GPIO_PORTQ_AHB_PCTL_R used once
GPIO_PORTQ_AHB_PUR_R 40066510

Symbol: GPIO_PORTQ_AHB_PUR_R
   Definitions
      At line 73 in file gpio.s
   Uses
      None
Comment: GPIO_PORTQ_AHB_PUR_R unused
SYSCTL_PRGPIO_R 400FEA08

Symbol: SYSCTL_PRGPIO_R
   Definitions
      At line 18 in file gpio.s
   Uses
      At line 109 in file gpio.s
Comment: SYSCTL_PRGPIO_R used once
SYSCTL_RCGCGPIO_R 400FE608

Symbol: SYSCTL_RCGCGPIO_R
   Definitions
      At line 17 in file gpio.s
   Uses
      At line 101 in file gpio.s
Comment: SYSCTL_RCGCGPIO_R used once
54 symbols
398 symbols in table
