


ARM Macro Assembler    Page 1 


    1 00000000         ; gpio.s
    2 00000000         ; Desenvolvido para a placa EK-TM4C1294XL
    3 00000000         ; GIOVANNI E ANDERSON
    4 00000000         
    5 00000000         ; ------------------------------------------------------
                       -------------------------
    6 00000000                 THUMB                        ; Instruções do tip
                                                            o Thumb-2
    7 00000000         ; ------------------------------------------------------
                       -------------------------
    8 00000000         ; Declarações EQU - Defines
    9 00000000         ; ========================
   10 00000000         ; Definições de Valores
   11 00000000 00000001 
                       BIT0    EQU              2_00000001
   12 00000000 00000002 
                       BIT1    EQU              2_00000010
   13 00000000 00000004 
                       BIT2    EQU              2_00000100
   14 00000000 00000008 
                       BIT3    EQU              2_00001000
   15 00000000 00000010 
                       BIT4    EQU              2_00010000
   16 00000000 00000020 
                       BIT5    EQU              2_00100000
   17 00000000 00000040 
                       BIT6    EQU              2_01000000
   18 00000000 00000080 
                       BIT7    EQU              2_10000000
   19 00000000         
   20 00000000         ; ========================
   21 00000000         ; Definições dos Registradores Gerais
   22 00000000 400FE608 
                       SYSCTL_RCGCGPIO_R
                               EQU              0x400FE608
   23 00000000 400FEA08 
                       SYSCTL_PRGPIO_R
                               EQU              0x400FEA08
   24 00000000         ; ========================
   25 00000000         ; Definições dos Ports
   26 00000000         ;PORT A
   27 00000000 40058520 
                       GPIO_PORTA_AHB_LOCK_R
                               EQU              0x40058520
   28 00000000 40058524 
                       GPIO_PORTA_AHB_CR_R
                               EQU              0x40058524
   29 00000000 40058528 
                       GPIO_PORTA_AHB_AMSEL_R
                               EQU              0x40058528
   30 00000000 4005852C 
                       GPIO_PORTA_AHB_PCTL_R
                               EQU              0x4005852C
   31 00000000 40058400 
                       GPIO_PORTA_AHB_DIR_R
                               EQU              0x40058400
   32 00000000 40058420 
                       GPIO_PORTA_AHB_AFSEL_R
                               EQU              0x40058420



ARM Macro Assembler    Page 2 


   33 00000000 4005851C 
                       GPIO_PORTA_AHB_DEN_R
                               EQU              0x4005851C
   34 00000000 40058510 
                       GPIO_PORTA_AHB_PUR_R
                               EQU              0x40058510
   35 00000000 400583FC 
                       GPIO_PORTA_AHB_DATA_R
                               EQU              0x400583FC
   36 00000000 00000001 
                       GPIO_PORTA
                               EQU              2_000000000000001
   37 00000000         ;PORT B
   38 00000000 40059520 
                       GPIO_PORTB_AHB_LOCK_R
                               EQU              0x40059520
   39 00000000 40059524 
                       GPIO_PORTB_AHB_CR_R
                               EQU              0x40059524
   40 00000000 40059528 
                       GPIO_PORTB_AHB_AMSEL_R
                               EQU              0x40059528
   41 00000000 4005952C 
                       GPIO_PORTB_AHB_PCTL_R
                               EQU              0x4005952C
   42 00000000 40059400 
                       GPIO_PORTB_AHB_DIR_R
                               EQU              0x40059400
   43 00000000 40059420 
                       GPIO_PORTB_AHB_AFSEL_R
                               EQU              0x40059420
   44 00000000 4005951C 
                       GPIO_PORTB_AHB_DEN_R
                               EQU              0x4005951C
   45 00000000 40059510 
                       GPIO_PORTB_AHB_PUR_R
                               EQU              0x40059510
   46 00000000 400593FC 
                       GPIO_PORTB_AHB_DATA_R
                               EQU              0x400593FC
   47 00000000 00000002 
                       GPIO_PORTB
                               EQU              2_000000000000010
   48 00000000         ;PORT J
   49 00000000 40060520 
                       GPIO_PORTJ_AHB_LOCK_R
                               EQU              0x40060520
   50 00000000 40060524 
                       GPIO_PORTJ_AHB_CR_R
                               EQU              0x40060524
   51 00000000 40060528 
                       GPIO_PORTJ_AHB_AMSEL_R
                               EQU              0x40060528
   52 00000000 4006052C 
                       GPIO_PORTJ_AHB_PCTL_R
                               EQU              0x4006052C
   53 00000000 40060400 
                       GPIO_PORTJ_AHB_DIR_R
                               EQU              0x40060400



ARM Macro Assembler    Page 3 


   54 00000000 40060420 
                       GPIO_PORTJ_AHB_AFSEL_R
                               EQU              0x40060420
   55 00000000 4006051C 
                       GPIO_PORTJ_AHB_DEN_R
                               EQU              0x4006051C
   56 00000000 40060510 
                       GPIO_PORTJ_AHB_PUR_R
                               EQU              0x40060510
   57 00000000 400603FC 
                       GPIO_PORTJ_AHB_DATA_R
                               EQU              0x400603FC
   58 00000000 00000100 
                       GPIO_PORTJ
                               EQU              2_000000100000000
   59 00000000         ;Interrupção portJ
   60 00000000 40060404 
                       GPIO_PORTJ_AHB_IS_R
                               EQU              0x40060404
   61 00000000 40060408 
                       GPIO_PORTJ_AHB_IBE_R
                               EQU              0x40060408
   62 00000000 4006040C 
                       GPIO_PORTJ_AHB_IEV_R
                               EQU              0x4006040C
   63 00000000 40060414 
                       GPIO_PORTJ_AHB_RIS_R
                               EQU              0x40060414
   64 00000000 40060418 
                       GPIO_PORTJ_AHB_MIS_R
                               EQU              0x40060418
   65 00000000 40060410 
                       GPIO_PORTJ_AHB_IM_R
                               EQU              0x40060410
   66 00000000 4006041C 
                       GPIO_PORTJ_AHB_ICR_R
                               EQU              0x4006041C
   67 00000000 E000E430 
                       NVIC_PRI12_R
                               EQU              0xE000E430
   68 00000000 E000E184 
                       NVIC_DIS1_R
                               EQU              0xE000E184
   69 00000000 E000E104 
                       NVIC_EN1_R
                               EQU              0xE000E104
   70 00000000         ;PORT K
   71 00000000 40061520 
                       GPIO_PORTK_AHB_LOCK_R
                               EQU              0x40061520
   72 00000000 40061524 
                       GPIO_PORTK_AHB_CR_R
                               EQU              0x40061524
   73 00000000 40061528 
                       GPIO_PORTK_AHB_AMSEL_R
                               EQU              0x40061528
   74 00000000 4006152C 
                       GPIO_PORTK_AHB_PCTL_R
                               EQU              0x4006152C



ARM Macro Assembler    Page 4 


   75 00000000 40061400 
                       GPIO_PORTK_AHB_DIR_R
                               EQU              0x40061400
   76 00000000 40061420 
                       GPIO_PORTK_AHB_AFSEL_R
                               EQU              0x40061420
   77 00000000 4006151C 
                       GPIO_PORTK_AHB_DEN_R
                               EQU              0x4006151C
   78 00000000 40061510 
                       GPIO_PORTK_AHB_PUR_R
                               EQU              0x40061510
   79 00000000 400613FC 
                       GPIO_PORTK_AHB_DATA_R
                               EQU              0x400613FC
   80 00000000 00000200 
                       GPIO_PORTK
                               EQU              2_000001000000000
   81 00000000         ;PORT L
   82 00000000 40062520 
                       GPIO_PORTL_AHB_LOCK_R
                               EQU              0x40062520
   83 00000000 40062524 
                       GPIO_PORTL_AHB_CR_R
                               EQU              0x40062524
   84 00000000 40062528 
                       GPIO_PORTL_AHB_AMSEL_R
                               EQU              0x40062528
   85 00000000 4006252C 
                       GPIO_PORTL_AHB_PCTL_R
                               EQU              0x4006252C
   86 00000000 40062400 
                       GPIO_PORTL_AHB_DIR_R
                               EQU              0x40062400
   87 00000000 40062420 
                       GPIO_PORTL_AHB_AFSEL_R
                               EQU              0x40062420
   88 00000000 4006251C 
                       GPIO_PORTL_AHB_DEN_R
                               EQU              0x4006251C
   89 00000000 40062510 
                       GPIO_PORTL_AHB_PUR_R
                               EQU              0x40062510
   90 00000000 400623FC 
                       GPIO_PORTL_AHB_DATA_R
                               EQU              0x400623FC
   91 00000000 00000400 
                       GPIO_PORTL
                               EQU              2_000010000000000
   92 00000000         ;PORT M
   93 00000000 40063520 
                       GPIO_PORTM_AHB_LOCK_R
                               EQU              0x40063520
   94 00000000 40063524 
                       GPIO_PORTM_AHB_CR_R
                               EQU              0x40063524
   95 00000000 40063528 
                       GPIO_PORTM_AHB_AMSEL_R
                               EQU              0x40063528



ARM Macro Assembler    Page 5 


   96 00000000 4006352C 
                       GPIO_PORTM_AHB_PCTL_R
                               EQU              0x4006352C
   97 00000000 40063400 
                       GPIO_PORTM_AHB_DIR_R
                               EQU              0x40063400
   98 00000000 40063420 
                       GPIO_PORTM_AHB_AFSEL_R
                               EQU              0x40063420
   99 00000000 4006351C 
                       GPIO_PORTM_AHB_DEN_R
                               EQU              0x4006351C
  100 00000000 40063510 
                       GPIO_PORTM_AHB_PUR_R
                               EQU              0x40063510
  101 00000000 400633FC 
                       GPIO_PORTM_AHB_DATA_R
                               EQU              0x400633FC
  102 00000000 00000800 
                       GPIO_PORTM
                               EQU              2_000100000000000
  103 00000000         ; PORT N
  104 00000000 40064520 
                       GPIO_PORTN_AHB_LOCK_R
                               EQU              0x40064520
  105 00000000 40064524 
                       GPIO_PORTN_AHB_CR_R
                               EQU              0x40064524
  106 00000000 40064528 
                       GPIO_PORTN_AHB_AMSEL_R
                               EQU              0x40064528
  107 00000000 4006452C 
                       GPIO_PORTN_AHB_PCTL_R
                               EQU              0x4006452C
  108 00000000 40064400 
                       GPIO_PORTN_AHB_DIR_R
                               EQU              0x40064400
  109 00000000 40064420 
                       GPIO_PORTN_AHB_AFSEL_R
                               EQU              0x40064420
  110 00000000 4006451C 
                       GPIO_PORTN_AHB_DEN_R
                               EQU              0x4006451C
  111 00000000 40064510 
                       GPIO_PORTN_AHB_PUR_R
                               EQU              0x40064510
  112 00000000 400643FC 
                       GPIO_PORTN_AHB_DATA_R
                               EQU              0x400643FC
  113 00000000 00001000 
                       GPIO_PORTN
                               EQU              2_001000000000000
  114 00000000         ;PORT P
  115 00000000 40065520 
                       GPIO_PORTP_AHB_LOCK_R
                               EQU              0x40065520
  116 00000000 40065524 
                       GPIO_PORTP_AHB_CR_R
                               EQU              0x40065524



ARM Macro Assembler    Page 6 


  117 00000000 40065528 
                       GPIO_PORTP_AHB_AMSEL_R
                               EQU              0x40065528
  118 00000000 4006552C 
                       GPIO_PORTP_AHB_PCTL_R
                               EQU              0x4006552C
  119 00000000 40065400 
                       GPIO_PORTP_AHB_DIR_R
                               EQU              0x40065400
  120 00000000 40065420 
                       GPIO_PORTP_AHB_AFSEL_R
                               EQU              0x40065420
  121 00000000 4006551C 
                       GPIO_PORTP_AHB_DEN_R
                               EQU              0x4006551C
  122 00000000 40065510 
                       GPIO_PORTP_AHB_PUR_R
                               EQU              0x40065510
  123 00000000 400653FC 
                       GPIO_PORTP_AHB_DATA_R
                               EQU              0x400653FC
  124 00000000 00002000 
                       GPIO_PORTP
                               EQU              2_010000000000000
  125 00000000         ;PORT Q
  126 00000000 40066520 
                       GPIO_PORTQ_AHB_LOCK_R
                               EQU              0x40066520
  127 00000000 40066524 
                       GPIO_PORTQ_AHB_CR_R
                               EQU              0x40066524
  128 00000000 40066528 
                       GPIO_PORTQ_AHB_AMSEL_R
                               EQU              0x40066528
  129 00000000 4006652C 
                       GPIO_PORTQ_AHB_PCTL_R
                               EQU              0x4006652C
  130 00000000 40066400 
                       GPIO_PORTQ_AHB_DIR_R
                               EQU              0x40066400
  131 00000000 40066420 
                       GPIO_PORTQ_AHB_AFSEL_R
                               EQU              0x40066420
  132 00000000 4006651C 
                       GPIO_PORTQ_AHB_DEN_R
                               EQU              0x4006651C
  133 00000000 40066510 
                       GPIO_PORTQ_AHB_PUR_R
                               EQU              0x40066510
  134 00000000 400663FC 
                       GPIO_PORTQ_AHB_DATA_R
                               EQU              0x400663FC
  135 00000000 00004000 
                       GPIO_PORTQ
                               EQU              2_100000000000000
  136 00000000         
  137 00000000         
  138 00000000         ; ------------------------------------------------------
                       -------------------------



ARM Macro Assembler    Page 7 


  139 00000000         ; Área de Código - Tudo abaixo da diretiva a seguir será
                        armazenado na memória de 
  140 00000000         ;                  código
  141 00000000                 AREA             |.text|, CODE, READONLY, ALIGN=
2
  142 00000000         
  143 00000000         ; Se alguma função do arquivo for chamada em outro arqui
                       vo 
  144 00000000                 EXPORT           GPIO_Init   ; Permite chamar GP
                                                            IO_Init de outro ar
                                                            quivo
  145 00000000                 EXPORT           PortA_Output ; Permite chamar P
                                                            ortA_Output de outr
                                                            o arquivo
  146 00000000                 EXPORT           PortB_Output ; Permite chamar P
                                                            ortB_Output de outr
                                                            o arquivo
  147 00000000                 EXPORT           PortP_Output ; Permite chamar P
                                                            ortP_Output de outr
                                                            o arquivo
  148 00000000                 EXPORT           PortQ_Output ; Permite chamar P
                                                            ortQ_Output de outr
                                                            o arquivo 
  149 00000000                 EXPORT           PortK_Output ; Permite chamar P
                                                            ortK_Output de outr
                                                            o arquivo
  150 00000000                 EXPORT           PortM_Output ; Permite chamar P
                                                            ortM_Output de outr
                                                            o arquivo
  151 00000000                 EXPORT           PortN_Output ; Permite chamar P
                                                            ortN_Output de outr
                                                            o arquivo
  152 00000000                 EXPORT           PortL_Input ; Permite chamar Po
                                                            rtL_Input de outro 
                                                            arquivo
  153 00000000                 EXPORT           PortJ_Input ; Permite chamar Po
                                                            rtJ_Input de outro 
                                                            arquivo
  154 00000000                 EXPORT           GPIOPortJ_Handler ; Permite cha
                                                            mar a interrupção n
                                                            a PortaJ de outro a
                                                            rquivo
  155 00000000                 IMPORT           SysTick_Wait1ms
  156 00000000                 IMPORT           EnableInterrupts ; Chama do sta
                                                            rtup.s         
  157 00000000         
  158 00000000         ;-------------------------------------------------------
                       -------------------------
  159 00000000         ; Função GPIO_Init
  160 00000000         ; Parâmetro de entrada: Não tem
  161 00000000         ; Parâmetro de saída: Não tem
  162 00000000         GPIO_Init
  163 00000000         ;=====================
  164 00000000         ; 1. Ativar o clock para a porta setando o bit correspon
                       dente no registrador RCGCGPIO,
  165 00000000         ; após isso verificar no PRGPIO se a porta está pronta p
                       ara uso.
  166 00000000         ; enable clock to GPIOF at clock gating register
  167 00000000 48AB            LDR              R0, =SYSCTL_RCGCGPIO_R ;Carrega



ARM Macro Assembler    Page 8 


                                                             o endereço do regi
                                                            strador RCGCGPIO
  168 00000002 F04F 0101       MOV              R1, #GPIO_PORTA ;Seta o bit da 
                                                            porta A
  169 00000006 F041 0102       ORR              R1, #GPIO_PORTB ;Seta o bit da 
                                                            porta B
  170 0000000A F441 7180       ORR              R1, #GPIO_PORTJ ;Seta o bit da 
                                                            porta J
  171 0000000E F441 7100       ORR              R1, #GPIO_PORTK ;Seta o bit da 
                                                            porta K
  172 00000012 F441 6180       ORR              R1, #GPIO_PORTL ;Seta o bit da 
                                                            porta L
  173 00000016 F441 6100       ORR              R1, #GPIO_PORTM ;Seta o bit da 
                                                            porta M
  174 0000001A F441 5180       ORR              R1, #GPIO_PORTN ;Seta o bit da 
                                                            porta N
  175 0000001E F441 5100       ORR              R1, #GPIO_PORTP ;Seta o bit da 
                                                            porta P
  176 00000022 F441 4180       ORR              R1, #GPIO_PORTQ ;Seta o bit da 
                                                            porta Q
  177 00000026 6001            STR              R1, [R0]    ;Move para a memóri
                                                            a os bits das porta
                                                            s no endereço do RC
                                                            GCGPIO
  178 00000028         
  179 00000028 48A2            LDR              R0, =SYSCTL_PRGPIO_R ;Carrega o
                                                             endereço do PRGPIO
                                                             para esperar os GP
                                                            IO ficarem prontos
  180 0000002A 6801    EsperaGPIO
                               LDR              R1, [R0]    ;Lê da memória o co
                                                            nteúdo do endereço 
                                                            do registrador
  181 0000002C F04F 0201       MOV              R2, #GPIO_PORTA ;Seta os bits c
                                                            orrespondentes às p
                                                            ortas para fazer a 
                                                            comparação
  182 00000030 F042 0202       ORR              R2, #GPIO_PORTB ;Seta o bit da 
                                                            porta B
  183 00000034 F442 5200       ORR              R2, #GPIO_PORTP ;Seta o bit da 
                                                            porta P
  184 00000038 F442 4280       ORR              R2, #GPIO_PORTQ ;Seta o bit da 
                                                            porta Q
  185 0000003C F442 7280       ORR              R2, #GPIO_PORTJ ;Seta o bit da 
                                                            porta J
  186 00000040 F442 7200       ORR              R2, #GPIO_PORTK ;Seta o bit da 
                                                            porta K
  187 00000044 F442 6280       ORR              R2, #GPIO_PORTL ;Seta o bit da 
                                                            porta L
  188 00000048 F442 6200       ORR              R2, #GPIO_PORTM ;Seta o bit da 
                                                            porta M
  189 0000004C F442 5280       ORR              R2, #GPIO_PORTN ;Seta o bit da 
                                                            porta N
  190 00000050 4211            TST              R1, R2      ;ANDS de R1 com R2
  191 00000052 D0EA            BEQ              EsperaGPIO  ;Se o flag Z=1, vol
                                                            ta para o laço. Sen
                                                            ão continua executa
                                                            ndo
  192 00000054         



ARM Macro Assembler    Page 9 


  193 00000054         ; 2. Limpar o AMSEL para desabilitar a analógica
  194 00000054 F04F 0100       MOV              R1, #0x00   ;Colocar 0 no regis
                                                            trador para desabil
                                                            itar a função analó
                                                            gica
  195 00000058 4897            LDR              R0, =GPIO_PORTJ_AHB_AMSEL_R ;Ca
                                                            rrega o R0 com o en
                                                            dereço do AMSEL par
                                                            a a porta J
  196 0000005A 6001            STR              R1, [R0]    ;Guarda no registra
                                                            dor AMSEL da porta 
                                                            J da memória
  197 0000005C 4897            LDR              R0, =GPIO_PORTK_AHB_AMSEL_R ;Ca
                                                            rrega o R0 com o en
                                                            dereço do AMSEL par
                                                            a a porta K
  198 0000005E 6001            STR              R1, [R0]    ;Guarda no registra
                                                            dor AMSEL da porta 
                                                            K da memória
  199 00000060 4897            LDR              R0, =GPIO_PORTL_AHB_AMSEL_R ;Ca
                                                            rrega o R0 com o en
                                                            dereço do AMSEL par
                                                            a a porta L
  200 00000062 6001            STR              R1, [R0]    ;Guarda no registra
                                                            dor AMSEL da porta 
                                                            L da memória
  201 00000064 4897            LDR              R0, =GPIO_PORTM_AHB_AMSEL_R ;Ca
                                                            rrega o R0 com o en
                                                            dereço do AMSEL par
                                                            a a porta M
  202 00000066 6001            STR              R1, [R0]    ;Guarda no registra
                                                            dor AMSEL da porta 
                                                            M da memória
  203 00000068 4897            LDR              R0, =GPIO_PORTN_AHB_AMSEL_R ;Ca
                                                            rrega o R0 com o en
                                                            dereço do AMSEL par
                                                            a a porta N
  204 0000006A 6001            STR              R1, [R0]    ;Guarda no registra
                                                            dor AMSEL da porta 
                                                            N da memória
  205 0000006C 4897            LDR              R0, =GPIO_PORTA_AHB_AMSEL_R ;Ca
                                                            rrega o R0 com o en
                                                            dereço do AMSEL par
                                                            a a porta A
  206 0000006E 6001            STR              R1, [R0]    ;Guarda no registra
                                                            dor AMSEL da porta 
                                                            A da memória
  207 00000070 4897            LDR              R0, =GPIO_PORTB_AHB_AMSEL_R ;Ca
                                                            rrega o R0 com o en
                                                            dereço do AMSEL par
                                                            a a porta B
  208 00000072 6001            STR              R1, [R0]    ;Guarda no registra
                                                            dor AMSEL da porta 
                                                            B da memória
  209 00000074 4897            LDR              R0, =GPIO_PORTP_AHB_AMSEL_R ;Ca
                                                            rrega o R0 com o en
                                                            dereço do AMSEL par
                                                            a a porta P
  210 00000076 6001            STR              R1, [R0]    ;Guarda no registra



ARM Macro Assembler    Page 10 


                                                            dor AMSEL da porta 
                                                            P da memória
  211 00000078 4897            LDR              R0, =GPIO_PORTQ_AHB_AMSEL_R ;Ca
                                                            rrega o R0 com o en
                                                            dereço do AMSEL par
                                                            a a porta Q
  212 0000007A 6001            STR              R1, [R0]    ;Guarda no registra
                                                            dor AMSEL da porta 
                                                            Q da memória
  213 0000007C         
  214 0000007C         
  215 0000007C         ; 3. Limpar PCTL para selecionar o GPIO
  216 0000007C F04F 0100       MOV              R1, #0x00   ;Colocar 0 no regis
                                                            trador para selecio
                                                            nar o modo GPIO
  217 00000080 4896            LDR              R0, =GPIO_PORTJ_AHB_PCTL_R ;Car
                                                            rega o R0 com o end
                                                            ereço do PCTL para 
                                                            a porta J
  218 00000082 6001            STR              R1, [R0]    ;Guarda no registra
                                                            dor PCTL da porta J
                                                             da memória
  219 00000084 4896            LDR              R0, =GPIO_PORTK_AHB_PCTL_R ;Car
                                                            rega o R0 com o end
                                                            ereço do PCTL para 
                                                            a porta K
  220 00000086 6001            STR              R1, [R0]    ;Guarda no registra
                                                            dor PCTL da porta K
                                                             da memória
  221 00000088 4896            LDR              R0, =GPIO_PORTL_AHB_PCTL_R ;Car
                                                            rega o R0 com o end
                                                            ereço do PCTL para 
                                                            a porta L
  222 0000008A 6001            STR              R1, [R0]    ;Guarda no registra
                                                            dor PCTL da porta L
                                                             da memória
  223 0000008C 4896            LDR              R0, =GPIO_PORTM_AHB_PCTL_R ;Car
                                                            rega o R0 com o end
                                                            ereço do PCTL para 
                                                            a porta M
  224 0000008E 6001            STR              R1, [R0]    ;Guarda no registra
                                                            dor PCTL da porta M
                                                             da memória
  225 00000090 4896            LDR              R0, =GPIO_PORTN_AHB_PCTL_R ;Car
                                                            rega o R0 com o end
                                                            ereço do PCTL para 
                                                            a porta N
  226 00000092 6001            STR              R1, [R0]    ;Guarda no registra
                                                            dor PCTL da porta N
                                                             da memória
  227 00000094 4896            LDR              R0, =GPIO_PORTA_AHB_PCTL_R ;Car
                                                            rega o R0 com o end
                                                            ereço do PCTL para 
                                                            a porta A
  228 00000096 6001            STR              R1, [R0]    ;Guarda no registra
                                                            dor PCTL da porta A
                                                             da memória
  229 00000098 4896            LDR              R0, =GPIO_PORTB_AHB_PCTL_R ;Car
                                                            rega o R0 com o end



ARM Macro Assembler    Page 11 


                                                            ereço do PCTL para 
                                                            a porta B
  230 0000009A 6001            STR              R1, [R0]    ;Guarda no registra
                                                            dor PCTL da porta B
                                                             da memória
  231 0000009C 4896            LDR              R0, =GPIO_PORTP_AHB_PCTL_R ;Car
                                                            rega o R0 com o end
                                                            ereço do PCTL para 
                                                            a porta P
  232 0000009E 6001            STR              R1, [R0]    ;Guarda no registra
                                                            dor PCTL da porta P
                                                             da memória
  233 000000A0 4896            LDR              R0, =GPIO_PORTQ_AHB_PCTL_R ;Car
                                                            rega o R0 com o end
                                                            ereço do PCTL para 
                                                            a porta Q
  234 000000A2 6001            STR              R1, [R0]    ;Guarda no registra
                                                            dor PCTL da porta Q
                                                             da memória
  235 000000A4         ; 4. DIR para 0 se for entrada, 1 se for saída
  236 000000A4 4896            LDR              R0, =GPIO_PORTA_AHB_DIR_R ;Carr
                                                            ega o R0 com o ende
                                                            reço do DIR para a 
                                                            porta A
  237 000000A6 F04F 01F0       MOV              R1, #2_11110000 ;PA4,5,6,7
  238 000000AA 6001            STR              R1, [R0]    ;Guarda no registra
                                                            dor
  239 000000AC 4895            LDR              R0, =GPIO_PORTB_AHB_DIR_R ;Carr
                                                            ega o R0 com o ende
                                                            reço do DIR para a 
                                                            porta B
  240 000000AE F04F 0130       MOV              R1, #2_00110000 ;PB4,5
  241 000000B2 6001            STR              R1, [R0]    ;Guarda no registra
                                                            dor
  242 000000B4 4894            LDR              R0, =GPIO_PORTP_AHB_DIR_R ;Carr
                                                            ega o R0 com o ende
                                                            reço do DIR para a 
                                                            porta P
  243 000000B6 F04F 0120       MOV              R1, #2_00100000 ;PP5
  244 000000BA 6001            STR              R1, [R0]    ;Guarda no registra
                                                            dor
  245 000000BC 4893            LDR              R0, =GPIO_PORTQ_AHB_DIR_R ;Carr
                                                            ega o R0 com o ende
                                                            reço do DIR para a 
                                                            porta Q
  246 000000BE F04F 010F       MOV              R1, #2_00001111 ;PQ0,1,2,3
  247 000000C2 6001            STR              R1, [R0]    ;Guarda no registra
                                                            dor
  248 000000C4 4892            LDR              R0, =GPIO_PORTK_AHB_DIR_R ;Carr
                                                            ega o R0 com o ende
                                                            reço do DIR para a 
                                                            porta K
  249 000000C6 F04F 01FF       MOV              R1, #2_11111111 ;PK 0 a 7
  250 000000CA 6001            STR              R1, [R0]    ;Guarda no registra
                                                            dor
  251 000000CC 4891            LDR              R0, =GPIO_PORTL_AHB_DIR_R ;Carr
                                                            ega o R0 com o ende
                                                            reço do DIR para a 
                                                            porta L



ARM Macro Assembler    Page 12 


  252 000000CE F04F 0100       MOV              R1, #2_00000000 ;PL 0, 1, 2 E 3
                                                             input
  253 000000D2 6001            STR              R1, [R0]    ;Guarda no registra
                                                            dor
  254 000000D4 4890            LDR              R0, =GPIO_PORTM_AHB_DIR_R ;Carr
                                                            ega o R0 com o ende
                                                            reço do DIR para a 
                                                            porta M
  255 000000D6 F04F 01F7       MOV              R1, #2_11110111 ;PM0,1,2 OUTPUT
                                                             e PM4,5,6,7 oUTPUT
                                                            
  256 000000DA 6001            STR              R1, [R0]    ;Guarda no registra
                                                            dor
  257 000000DC 488F            LDR              R0, =GPIO_PORTN_AHB_DIR_R ;Carr
                                                            ega o R0 com o ende
                                                            reço do DIR para a 
                                                            porta N
  258 000000DE F04F 0103       MOV              R1, #2_00000011 
                                                            ;PN1 & PN0 para LED
                                                            
  259 000000E2 6001            STR              R1, [R0]    ;Guarda no registra
                                                            dor
  260 000000E4         ; O certo era verificar os outros bits da PJ para não tr
                       ansformar entradas em saídas desnecessárias
  261 000000E4 488E            LDR              R0, =GPIO_PORTJ_AHB_DIR_R ;Carr
                                                            ega o R0 com o ende
                                                            reço do DIR para a 
                                                            porta J
  262 000000E6 F04F 0100       MOV              R1, #0x00   ;Colocar 0 no regis
                                                            trador DIR para fun
                                                            cionar com saída
  263 000000EA 6001            STR              R1, [R0]    ;Guarda no registra
                                                            dor PCTL da porta J
                                                             da memória
  264 000000EC         ; 5. Limpar os bits AFSEL para 0 para selecionar GPIO 
  265 000000EC         ;    Sem função alternativa
  266 000000EC F04F 0100       MOV              R1, #0x00   ;Colocar o valor 0 
                                                            para não setar funç
                                                            ão alternativa
  267 000000F0 488C            LDR              R0, =GPIO_PORTA_AHB_AFSEL_R ;Ca
                                                            rrega o endereço do
                                                             AFSEL da porta A
  268 000000F2 6001            STR              R1, [R0]    ;Escreve na porta
  269 000000F4 488C            LDR              R0, =GPIO_PORTB_AHB_AFSEL_R ;Ca
                                                            rrega o endereço do
                                                             AFSEL da porta B
  270 000000F6 6001            STR              R1, [R0]    ;Escreve na porta
  271 000000F8 488C            LDR              R0, =GPIO_PORTP_AHB_AFSEL_R ;Ca
                                                            rrega o endereço do
                                                             AFSEL da porta P
  272 000000FA 6001            STR              R1, [R0]    ;Escreve na porta
  273 000000FC 488C            LDR              R0, =GPIO_PORTQ_AHB_AFSEL_R ;Ca
                                                            rrega o endereço do
                                                             AFSEL da porta Q
  274 000000FE 6001            STR              R1, [R0]    ;Escreve na porta
  275 00000100 488C            LDR              R0, =GPIO_PORTJ_AHB_AFSEL_R ;Ca
                                                            rrega o endereço do
                                                             AFSEL da porta J
  276 00000102 6001            STR              R1, [R0]    ;Escreve na porta



ARM Macro Assembler    Page 13 


  277 00000104 488C            LDR              R0, =GPIO_PORTK_AHB_AFSEL_R ;Ca
                                                            rrega o endereço do
                                                             AFSEL da porta K
  278 00000106 6001            STR              R1, [R0]    ;Escreve na porta
  279 00000108 488C            LDR              R0, =GPIO_PORTL_AHB_AFSEL_R ;Ca
                                                            rrega o endereço do
                                                             AFSEL da porta L
  280 0000010A 6001            STR              R1, [R0]    ;Escreve na porta
  281 0000010C 488C            LDR              R0, =GPIO_PORTM_AHB_AFSEL_R ;Ca
                                                            rrega o endereço do
                                                             AFSEL da porta M
  282 0000010E 6001            STR              R1, [R0]    ;Escreve na porta
  283 00000110 488C            LDR              R0, =GPIO_PORTN_AHB_AFSEL_R ;Ca
                                                            rrega o endereço do
                                                             AFSEL da porta N
  284 00000112 6001            STR              R1, [R0]    ;Escreve na porta
  285 00000114         ; 6. Setar os bits de DEN para habilitar I/O digital
  286 00000114 488C            LDR              R0, =GPIO_PORTA_AHB_DEN_R ;Carr
                                                            ega o endereço do D
                                                            EN
  287 00000116 6801            LDR              R1, [R0]    ;Ler da memória o r
                                                            egistrador GPIO_POR
                                                            TA_AHB_DEN_R
  288 00000118 F04F 02F0       MOV              R2, #2_11110000
  289 0000011C EA41 0102       ORR              R1, R2
  290 00000120 6001            STR              R1, [R0]    ;Escreve no registr
                                                            ador da memória fun
                                                            cionalidade digital
                                                             
  291 00000122         
  292 00000122 488A            LDR              R0, =GPIO_PORTB_AHB_DEN_R ;Carr
                                                            ega o endereço do D
                                                            EN
  293 00000124 6801            LDR              R1, [R0]    ;Ler da memória o r
                                                            egistrador GPIO_POR
                                                            TB_AHB_DEN_R
  294 00000126 F04F 0230       MOV              R2, #2_00110000
  295 0000012A EA41 0102       ORR              R1, R2
  296 0000012E 6001            STR              R1, [R0]    ;Escreve no registr
                                                            ador da memória fun
                                                            cionalidade digital
                                                            
  297 00000130         
  298 00000130 4887            LDR              R0, =GPIO_PORTK_AHB_DEN_R ;Carr
                                                            ega o endereço do D
                                                            EN
  299 00000132 6801            LDR              R1, [R0]    ;Ler da memória o r
                                                            egistrador GPIO_POR
                                                            TK_AHB_DEN_R
  300 00000134 F04F 02FF       MOV              R2, #2_11111111
  301 00000138 EA41 0102       ORR              R1, R2
  302 0000013C 6001            STR              R1, [R0]    ;Escreve no registr
                                                            ador da memória fun
                                                            cionalidade digital
                                                            
  303 0000013E         
  304 0000013E 4885            LDR              R0, =GPIO_PORTL_AHB_DEN_R ;Carr
                                                            ega o endereço do D
                                                            EN



ARM Macro Assembler    Page 14 


  305 00000140 6801            LDR              R1, [R0]    ;Ler da memória o r
                                                            egistrador GPIO_POR
                                                            TL_AHB_DEN_R
  306 00000142 F04F 0201       MOV              R2, #BIT0
  307 00000146 F042 0202       ORR              R2, #BIT1   ;Habilitar funciona
                                                            lidade digital na D
                                                            EN os bits 0 e 1
  308 0000014A F042 0204       ORR              R2, #BIT2   ;Habilitar funciona
                                                            lidade digital na D
                                                            EN os bits 0 e 1
  309 0000014E F042 0208       ORR              R2, #BIT3   ;Habilitar funciona
                                                            lidade digital na D
                                                            EN os bits 0 e 1
  310 00000152 EA41 0102       ORR              R1, R2
  311 00000156 6001            STR              R1, [R0]    ;Escreve no registr
                                                            ador da memória fun
                                                            cionalidade digital
                                                                   
  312 00000158         
  313 00000158 487F            LDR              R0, =GPIO_PORTM_AHB_DEN_R ;Carr
                                                            ega o endereço do D
                                                            EN
  314 0000015A 6801            LDR              R1, [R0]    ;Ler da memória o r
                                                            egistrador GPIO_POR
                                                            TM_AHB_DEN_R
  315 0000015C F04F 02F7       MOV              R2, #2_11110111
  316 00000160 EA41 0102       ORR              R1, R2
  317 00000164 6001            STR              R1, [R0]    ;Escreve no registr
                                                            ador da memória fun
                                                            cionalidade digital
                                                            
  318 00000166         
  319 00000166 487D            LDR              R0, =GPIO_PORTN_AHB_DEN_R ;Carr
                                                            ega o endereço do D
                                                            EN
  320 00000168 6801            LDR              R1, [R0]    ;Ler da memória o r
                                                            egistrador GPIO_POR
                                                            TN_AHB_DEN_R
  321 0000016A F04F 0201       MOV              R2, #BIT0
  322 0000016E F042 0202       ORR              R2, #BIT1   ;Habilitar funciona
                                                            lidade digital na D
                                                            EN os bits 0 e 1
  323 00000172 EA41 0102       ORR              R1, R2
  324 00000176 6001            STR              R1, [R0]    ;Escreve no registr
                                                            ador da memória fun
                                                            cionalidade digital
                                                             
  325 00000178         
  326 00000178 4879            LDR              R0, =GPIO_PORTP_AHB_DEN_R ;Carr
                                                            ega o endereço do D
                                                            EN
  327 0000017A 6801            LDR              R1, [R0]    ;Ler da memória o r
                                                            egistrador GPIO_POR
                                                            TP_AHB_DEN_R
  328 0000017C F04F 0220       MOV              R2, #2_00100000
  329 00000180 EA41 0102       ORR              R1, R2
  330 00000184 6001            STR              R1, [R0]    ;Escreve no registr
                                                            ador da memória fun
                                                            cionalidade digital



ARM Macro Assembler    Page 15 


                                                            
  331 00000186         
  332 00000186 4877            LDR              R0, =GPIO_PORTQ_AHB_DEN_R ;Carr
                                                            ega o endereço do D
                                                            EN
  333 00000188 6801            LDR              R1, [R0]    ;Ler da memória o r
                                                            egistrador GPIO_POR
                                                            TQ_AHB_DEN_R
  334 0000018A F04F 020F       MOV              R2, #2_00001111
  335 0000018E EA41 0102       ORR              R1, R2
  336 00000192 6001            STR              R1, [R0]    ;Escreve no registr
                                                            ador da memória fun
                                                            cionalidade digital
                                                            
  337 00000194         
  338 00000194 4874            LDR              R0, =GPIO_PORTJ_AHB_DEN_R ;Carr
                                                            ega o endereço do D
                                                            EN
  339 00000196 6801            LDR              R1, [R0]    ;Ler da memória o r
                                                            egistrador GPIO_POR
                                                            TN_AHB_DEN_R
  340 00000198 F04F 0201       MOV              R2, #BIT0
  341 0000019C F042 0202       ORR              R2, #BIT1   ;Habilitar funciona
                                                            lidade digital na D
                                                            EN os bits 0 e 1
  342 000001A0 EA41 0102       ORR              R1, R2
  343 000001A4 6001            STR              R1, [R0]    ;Escreve no registr
                                                            ador da memória fun
                                                            cionalidade digital
                                                            
  344 000001A6         
  345 000001A6         ; 7. Para habilitar resistor de pull-up interno, setar P
                       UR para 1
  346 000001A6 4871            LDR              R0, =GPIO_PORTJ_AHB_PUR_R ;Carr
                                                            ega o endereço do P
                                                            UR para a porta J
  347 000001A8 F04F 0101       MOV              R1, #BIT0   ;Habilitar funciona
                                                            lidade digital de r
                                                            esistor de pull-up 
                                                            
  348 000001AC F041 0102       ORR              R1, #BIT1   ;nos bits 0 e 1
  349 000001B0 6001            STR              R1, [R0]    ;Escreve no registr
                                                            ador da memória do 
                                                            resistor de pull-up
                                                            
  350 000001B2         ;BX      LR
  351 000001B2         
  352 000001B2         
  353 000001B2 486F            LDR              R0, =GPIO_PORTL_AHB_PUR_R ;Carr
                                                            ega o endereço do P
                                                            UR para a porta L
  354 000001B4 F04F 0101       MOV              R1, #BIT0   ;Habilitar funciona
                                                            lidade digital de r
                                                            esistor de pull-up 
                                                            
  355 000001B8 F041 0102       ORR              R1, #BIT1   ;nos bits 0, 1, 2 e
                                                             3
  356 000001BC F041 0104       ORR              R1, #BIT2
  357 000001C0 F041 0108       ORR              R1, #BIT3



ARM Macro Assembler    Page 16 


  358 000001C4 6001            STR              R1, [R0]    ;Escreve no registr
                                                            ador da memória do 
                                                            resistor de pull-up
                                                            
  359 000001C6         
  360 000001C6         ; 8. Interrupçoes  
  361 000001C6 496B            LDR              R1, =GPIO_PORTJ_AHB_IM_R
  362 000001C8 F04F 0000       MOV              R0, #0x00   ;Desabilita A INTER
                                                            RUPÇAO NA PORTA J0
  363 000001CC 6008            STR              R0, [R1]
  364 000001CE         
  365 000001CE F04F 0100       MOV              R1, #0x00
  366 000001D2 4869            LDR              R0, =GPIO_PORTJ_AHB_IS_R ;0 par
                                                            a BORDA / 1 PARA NI
                                                            VEL
  367 000001D4 6001            STR              R1, [R0]
  368 000001D6         
  369 000001D6 F04F 0100       MOV              R1, #0x00
  370 000001DA 4868            LDR              R0, =GPIO_PORTJ_AHB_IBE_R 
                                                            ;0 para BORDA UNICA
                                                            
  371 000001DC 6001            STR              R1, [R0]
  372 000001DE         
  373 000001DE F04F 0100       MOV              R1, #0x00
  374 000001E2 4867            LDR              R0, =GPIO_PORTJ_AHB_IEV_R ;0 pa
                                                            ra BORDA DE DESCIDA
                                                            
  375 000001E4 6001            STR              R1, [R0]
  376 000001E6         
  377 000001E6 4967            LDR              R1, =GPIO_PORTJ_AHB_ICR_R ;SETA
                                                             A INT NA PORTA J0
  378 000001E8 F04F 0001       MOV              R0, #0x01   ;
  379 000001EC 6008            STR              R0, [R1]
  380 000001EE         
  381 000001EE 4961            LDR              R1, =GPIO_PORTJ_AHB_IM_R ;HABIL
                                                            ITA A INT NA PORTA 
                                                            J0
  382 000001F0 F04F 0001       MOV              R0, #0x00000001 ;
  383 000001F4 6008            STR              R0, [R1]
  384 000001F6         
  385 000001F6 4964            LDR              R1, =NVIC_PRI12_R 
                                                            ;SETA PRIORIDADE
  386 000001F8 F04F 4020       MOV              R0, #0xA0000000
  387 000001FC 6008            STR              R0, [R1]
  388 000001FE         
  389 000001FE 4963            LDR              R1, =NVIC_EN1_R ;HABILITA INTER
                                                            RUPÇÃO
  390 00000200 F44F 2000       MOV              R0, #0x80000
  391 00000204 6008            STR              R0, [R1]
  392 00000206         
  393 00000206 B500            PUSH             {LR}
  394 00000208 F7FF FFFE       BL               EnableInterrupts ;LIGA CHAVE DA
                                                            S INTERRUPÇOES
  395 0000020C F85D EB04       POP              {LR}
  396 00000210         
  397 00000210 4770            BX               LR
  398 00000212         ; ------------------------------------------------------
                       -------------------------
  399 00000212         ; Função PortA_Output



ARM Macro Assembler    Page 17 


  400 00000212         ; Parâmetro de entrada: 
  401 00000212         ; Parâmetro de saída: Não tem
  402 00000212         PortA_Output
  403 00000212 495F            LDR              R1, =GPIO_PORTA_AHB_DATA_R ;Car
                                                            rega o valor do off
                                                            set do data registe
                                                            r
  404 00000214         ;Read-Modify-Write para escrita
  405 00000214 680A            LDR              R2, [R1]
  406 00000216 F022 02F0       BIC              R2, #2_11110000
  407 0000021A EA40 0002       ORR              R0, R0, R2  ;Fazer o OR do lido
                                                             pela porta com o p
                                                            arâmetro de entrada
                                                            
  408 0000021E 6008            STR              R0, [R1]    ;Escreve na porta A
                                                            
  409 00000220 4770            BX               LR
  410 00000222         ; Função PortB_Output
  411 00000222         ; Parâmetro de entrada: 
  412 00000222         ; Parâmetro de saída: Não tem
  413 00000222         PortB_Output
  414 00000222 495C            LDR              R1, =GPIO_PORTB_AHB_DATA_R ;Car
                                                            rega o valor do off
                                                            set do data registe
                                                            r
  415 00000224         ;Read-Modify-Write para escrita
  416 00000224 680A            LDR              R2, [R1]
  417 00000226 F022 0230       BIC              R2, #2_00110000
  418 0000022A EA40 0002       ORR              R0, R0, R2  ;Fazer o OR do lido
                                                             pela porta com o p
                                                            arâmetro de entrada
                                                            
  419 0000022E 6008            STR              R0, [R1]    ;Escreve na porta B
                                                            
  420 00000230 4770            BX               LR
  421 00000232         ; Função PortK_Output
  422 00000232         ; Parâmetro de entrada: 
  423 00000232         ; Parâmetro de saída: Não tem
  424 00000232         PortK_Output
  425 00000232 4959            LDR              R1, =GPIO_PORTK_AHB_DATA_R ;Car
                                                            rega o valor do off
                                                            set do data registe
                                                            r
  426 00000234         ;Read-Modify-Write para escrita
  427 00000234 680A            LDR              R2, [R1]
  428 00000236 F022 02FF       BIC              R2, #2_11111111
  429 0000023A EA40 0002       ORR              R0, R0, R2  ;Fazer o OR do lido
                                                             pela porta com o p
                                                            arâmetro de entrada
                                                            
  430 0000023E 6008            STR              R0, [R1]    ;Escreve na porta K
                                                            
  431 00000240 4770            BX               LR
  432 00000242         ; Função PortM_Output
  433 00000242         ; Parâmetro de entrada: 
  434 00000242         ; Parâmetro de saída: Não tem
  435 00000242         PortM_Output
  436 00000242 B500            PUSH             {LR}
  437 00000244 4955            LDR              R1, =GPIO_PORTM_AHB_DATA_R ;Car



ARM Macro Assembler    Page 18 


                                                            rega o valor do off
                                                            set do data registe
                                                            r
  438 00000246         ;Read-Modify-Write para escrita
  439 00000246 680A            LDR              R2, [R1]
  440 00000248 F022 02F7       BIC              R2, #2_11110111
  441 0000024C EA40 0002       ORR              R0, R0, R2  ;Fazer o OR do lido
                                                             pela porta com o p
                                                            arâmetro de entrada
                                                            
  442 00000250 6008            STR              R0, [R1]
  443 00000252 F85D EB04       POP              {LR}        ;Escreve na porta M
                                                            
  444 00000256 4770            BX               LR
  445 00000258         ; Função PortN_Output
  446 00000258         ; Parâmetro de entrada: 
  447 00000258         ; Parâmetro de saída: Não tem
  448 00000258         PortN_Output
  449 00000258 B500            PUSH             {LR}
  450 0000025A 4951            LDR              R1, =GPIO_PORTN_AHB_DATA_R ;Car
                                                            rega o valor do off
                                                            set do data registe
                                                            r
  451 0000025C         ;Read-Modify-Write para escrita
  452 0000025C 680A            LDR              R2, [R1]
  453 0000025E F022 0203       BIC              R2, #2_00000011 ;Primeiro limpa
                                                            mos os dois bits do
                                                             lido da porta R2 =
                                                             R2 & 11111100
  454 00000262 EA40 0002       ORR              R0, R0, R2  ;Fazer o OR do lido
                                                             pela porta com o p
                                                            arâmetro de entrada
                                                            
  455 00000266 6008            STR              R0, [R1]    ;Escreve na porta N
                                                             o barramento de da
                                                            dos dos pinos [N5-N
                                                            0]
  456 00000268 F85D EB04       POP              {LR}
  457 0000026C 4770            BX               LR          ;Retorno
  458 0000026E         ; Função PortP_Output
  459 0000026E         ; Parâmetro de entrada: 
  460 0000026E         ; Parâmetro de saída: Não tem
  461 0000026E         PortP_Output
  462 0000026E 494D            LDR              R1, =GPIO_PORTP_AHB_DATA_R ;Car
                                                            rega o valor do off
                                                            set do data registe
                                                            r
  463 00000270         ;Read-Modify-Write para escrita
  464 00000270 680A            LDR              R2, [R1]
  465 00000272 F022 0220       BIC              R2, #2_00100000
  466 00000276 EA40 0002       ORR              R0, R0, R2  ;Fazer o OR do lido
                                                             pela porta com o p
                                                            arâmetro de entrada
                                                            
  467 0000027A 6008            STR              R0, [R1]    ;Escreve na porta P
                                                            
  468 0000027C 4770            BX               LR
  469 0000027E         
  470 0000027E         ; Função PortQ_Output



ARM Macro Assembler    Page 19 


  471 0000027E         ; Parâmetro de entrada: 
  472 0000027E         ; Parâmetro de saída: Não tem
  473 0000027E         PortQ_Output
  474 0000027E 494A            LDR              R1, =GPIO_PORTQ_AHB_DATA_R ;Car
                                                            rega o valor do off
                                                            set do data registe
                                                            r
  475 00000280         ;Read-Modify-Write para escrita
  476 00000280 680A            LDR              R2, [R1]
  477 00000282 F022 020F       BIC              R2, #2_00001111
  478 00000286 EA40 0002       ORR              R0, R0, R2  ;Fazer o OR do lido
                                                             pela porta com o p
                                                            arâmetro de entrada
                                                            
  479 0000028A 6008            STR              R0, [R1]    ;Escreve na porta Q
                                                            
  480 0000028C 4770            BX               LR
  481 0000028E         
  482 0000028E         ; ------------------------------------------------------
                       -------------------------
  483 0000028E         ; Função PortJ_Input
  484 0000028E         ; Parâmetro de entrada: Não tem
  485 0000028E         ; Parâmetro de saída: R0 --> o valor da leitura
  486 0000028E         PortJ_Input
  487 0000028E 4947            LDR              R1, =GPIO_PORTJ_AHB_DATA_R ;Car
                                                            rega o valor do off
                                                            set do data registe
                                                            r
  488 00000290 6808            LDR              R0, [R1]    ;Lê no barramento d
                                                            e dados dos pinos [
                                                            J1-J0]
  489 00000292 4770            BX               LR
  490 00000294         
  491 00000294         ; Função PortL_Input
  492 00000294         ; Parâmetro de entrada: Não tem
  493 00000294         ; Parâmetro de saída: R0 --> o valor a ser atualizado
  494 00000294         PortL_Input
  495 00000294 B402            PUSH             {R1}        ;GUARDA VALOR ANTIG
                                                            O NA RAM TEMPORARIA
                                                            MENTE ANTES DE USAR
                                                            
  496 00000296 4946            LDR              R1, =GPIO_PORTL_AHB_DATA_R ;Car
                                                            rega o valor do off
                                                            set do data registe
                                                            r
  497 00000298 6808            LDR              R0, [R1]    ;Lê no barramento d
                                                            e dados dos pinos 
  498 0000029A BC02            POP              {R1}        ;RETORNA VALOR GUAR
                                                            DADO NA RAM
  499 0000029C 4770            BX               LR
  500 0000029E         
  501 0000029E         ; ------------------------------------------------------
                       -------------------------
  502 0000029E         
  503 0000029E         ; Função para Interrupção na porta J0
  504 0000029E         ; Parâmetro de entrada: Não tem
  505 0000029E         ; Parâmetro de saída: R0 --> o valor a ser atualizado
  506 0000029E         GPIOPortJ_Handler
  507 0000029E 4939            LDR              R1, =GPIO_PORTJ_AHB_ICR_R



ARM Macro Assembler    Page 20 


  508 000002A0 F04F 0001       MOV              R0, #0x00000001 ;
  509 000002A4 6008            STR              R0, [R1]    ;limpando a interru
                                                            pção (ack)
  510 000002A6         
  511 000002A6 2D06            CMP              R5, #6
  512 000002A8 BF08 2505       MOVEQ            R5, #5
  513 000002AC         
  514 000002AC 4770            BX               LR          ;retorno
  515 000002AE         
  516 000002AE         ; ------------------------------------------------------
                       ------------------------- 
  517 000002AE         
  518 000002AE 00 00           ALIGN                        ; garante que o fim
                                                             da seção está alin
                                                            hada 
  519 000002B0                 END                          ; fim do arquivo
              400FE608 
              400FEA08 
              40060528 
              40061528 
              40062528 
              40063528 
              40064528 
              40058528 
              40059528 
              40065528 
              40066528 
              4006052C 
              4006152C 
              4006252C 
              4006352C 
              4006452C 
              4005852C 
              4005952C 
              4006552C 
              4006652C 
              40058400 
              40059400 
              40065400 
              40066400 
              40061400 
              40062400 
              40063400 
              40064400 
              40060400 
              40058420 
              40059420 
              40065420 
              40066420 
              40060420 
              40061420 
              40062420 
              40063420 
              40064420 
              4005851C 
              4005951C 
              4006151C 
              4006251C 
              4006351C 



ARM Macro Assembler    Page 21 


              4006451C 
              4006551C 
              4006651C 
              4006051C 
              40060510 
              40062510 
              40060410 
              40060404 
              40060408 
              4006040C 
              4006041C 
              E000E430 
              E000E104 
              400583FC 
              400593FC 
              400613FC 
              400633FC 
              400643FC 
              400653FC 
              400663FC 
              400603FC 
              400623FC 
Command Line: --debug --xref --diag_suppress=9931 --cpu=Cortex-M4.fp --apcs=int
erwork --depend=.\objects\gpio.d -o.\objects\gpio.o -I.\RTE\_Target_1 -ID:\Keil
\ARM\PACK\Keil\TM4C_DFP\1.1.0\Device\Include\TM4C129 -ID:\Keil\ARM\CMSIS\Includ
e --predefine="__EVAL SETA 1" --predefine="__UVISION_VERSION SETA 526" --predef
ine="TM4C1294NCPDT SETA 1" --list=.\listings\gpio.lst gpio.s



ARM Macro Assembler    Page 1 Alphabetic symbol ordering
Relocatable symbols

.text 00000000

Symbol: .text
   Definitions
      At line 141 in file gpio.s
   Uses
      None
Comment: .text unused
EsperaGPIO 0000002A

Symbol: EsperaGPIO
   Definitions
      At line 180 in file gpio.s
   Uses
      At line 191 in file gpio.s
Comment: EsperaGPIO used once
GPIOPortJ_Handler 0000029E

Symbol: GPIOPortJ_Handler
   Definitions
      At line 506 in file gpio.s
   Uses
      At line 154 in file gpio.s
Comment: GPIOPortJ_Handler used once
GPIO_Init 00000000

Symbol: GPIO_Init
   Definitions
      At line 162 in file gpio.s
   Uses
      At line 144 in file gpio.s
Comment: GPIO_Init used once
PortA_Output 00000212

Symbol: PortA_Output
   Definitions
      At line 402 in file gpio.s
   Uses
      At line 145 in file gpio.s
Comment: PortA_Output used once
PortB_Output 00000222

Symbol: PortB_Output
   Definitions
      At line 413 in file gpio.s
   Uses
      At line 146 in file gpio.s
Comment: PortB_Output used once
PortJ_Input 0000028E

Symbol: PortJ_Input
   Definitions
      At line 486 in file gpio.s
   Uses
      At line 153 in file gpio.s
Comment: PortJ_Input used once
PortK_Output 00000232

Symbol: PortK_Output



ARM Macro Assembler    Page 2 Alphabetic symbol ordering
Relocatable symbols

   Definitions
      At line 424 in file gpio.s
   Uses
      At line 149 in file gpio.s
Comment: PortK_Output used once
PortL_Input 00000294

Symbol: PortL_Input
   Definitions
      At line 494 in file gpio.s
   Uses
      At line 152 in file gpio.s
Comment: PortL_Input used once
PortM_Output 00000242

Symbol: PortM_Output
   Definitions
      At line 435 in file gpio.s
   Uses
      At line 150 in file gpio.s
Comment: PortM_Output used once
PortN_Output 00000258

Symbol: PortN_Output
   Definitions
      At line 448 in file gpio.s
   Uses
      At line 151 in file gpio.s
Comment: PortN_Output used once
PortP_Output 0000026E

Symbol: PortP_Output
   Definitions
      At line 461 in file gpio.s
   Uses
      At line 147 in file gpio.s
Comment: PortP_Output used once
PortQ_Output 0000027E

Symbol: PortQ_Output
   Definitions
      At line 473 in file gpio.s
   Uses
      At line 148 in file gpio.s
Comment: PortQ_Output used once
13 symbols



ARM Macro Assembler    Page 1 Alphabetic symbol ordering
Absolute symbols

BIT0 00000001

Symbol: BIT0
   Definitions
      At line 11 in file gpio.s
   Uses
      At line 306 in file gpio.s
      At line 321 in file gpio.s
      At line 340 in file gpio.s
      At line 347 in file gpio.s
      At line 354 in file gpio.s

BIT1 00000002

Symbol: BIT1
   Definitions
      At line 12 in file gpio.s
   Uses
      At line 307 in file gpio.s
      At line 322 in file gpio.s
      At line 341 in file gpio.s
      At line 348 in file gpio.s
      At line 355 in file gpio.s

BIT2 00000004

Symbol: BIT2
   Definitions
      At line 13 in file gpio.s
   Uses
      At line 308 in file gpio.s
      At line 356 in file gpio.s

BIT3 00000008

Symbol: BIT3
   Definitions
      At line 14 in file gpio.s
   Uses
      At line 309 in file gpio.s
      At line 357 in file gpio.s

BIT4 00000010

Symbol: BIT4
   Definitions
      At line 15 in file gpio.s
   Uses
      None
Comment: BIT4 unused
BIT5 00000020

Symbol: BIT5
   Definitions
      At line 16 in file gpio.s
   Uses
      None
Comment: BIT5 unused
BIT6 00000040



ARM Macro Assembler    Page 2 Alphabetic symbol ordering
Absolute symbols


Symbol: BIT6
   Definitions
      At line 17 in file gpio.s
   Uses
      None
Comment: BIT6 unused
BIT7 00000080

Symbol: BIT7
   Definitions
      At line 18 in file gpio.s
   Uses
      None
Comment: BIT7 unused
GPIO_PORTA 00000001

Symbol: GPIO_PORTA
   Definitions
      At line 36 in file gpio.s
   Uses
      At line 168 in file gpio.s
      At line 181 in file gpio.s

GPIO_PORTA_AHB_AFSEL_R 40058420

Symbol: GPIO_PORTA_AHB_AFSEL_R
   Definitions
      At line 32 in file gpio.s
   Uses
      At line 267 in file gpio.s
Comment: GPIO_PORTA_AHB_AFSEL_R used once
GPIO_PORTA_AHB_AMSEL_R 40058528

Symbol: GPIO_PORTA_AHB_AMSEL_R
   Definitions
      At line 29 in file gpio.s
   Uses
      At line 205 in file gpio.s
Comment: GPIO_PORTA_AHB_AMSEL_R used once
GPIO_PORTA_AHB_CR_R 40058524

Symbol: GPIO_PORTA_AHB_CR_R
   Definitions
      At line 28 in file gpio.s
   Uses
      None
Comment: GPIO_PORTA_AHB_CR_R unused
GPIO_PORTA_AHB_DATA_R 400583FC

Symbol: GPIO_PORTA_AHB_DATA_R
   Definitions
      At line 35 in file gpio.s
   Uses
      At line 403 in file gpio.s
Comment: GPIO_PORTA_AHB_DATA_R used once
GPIO_PORTA_AHB_DEN_R 4005851C

Symbol: GPIO_PORTA_AHB_DEN_R



ARM Macro Assembler    Page 3 Alphabetic symbol ordering
Absolute symbols

   Definitions
      At line 33 in file gpio.s
   Uses
      At line 286 in file gpio.s
Comment: GPIO_PORTA_AHB_DEN_R used once
GPIO_PORTA_AHB_DIR_R 40058400

Symbol: GPIO_PORTA_AHB_DIR_R
   Definitions
      At line 31 in file gpio.s
   Uses
      At line 236 in file gpio.s
Comment: GPIO_PORTA_AHB_DIR_R used once
GPIO_PORTA_AHB_LOCK_R 40058520

Symbol: GPIO_PORTA_AHB_LOCK_R
   Definitions
      At line 27 in file gpio.s
   Uses
      None
Comment: GPIO_PORTA_AHB_LOCK_R unused
GPIO_PORTA_AHB_PCTL_R 4005852C

Symbol: GPIO_PORTA_AHB_PCTL_R
   Definitions
      At line 30 in file gpio.s
   Uses
      At line 227 in file gpio.s
Comment: GPIO_PORTA_AHB_PCTL_R used once
GPIO_PORTA_AHB_PUR_R 40058510

Symbol: GPIO_PORTA_AHB_PUR_R
   Definitions
      At line 34 in file gpio.s
   Uses
      None
Comment: GPIO_PORTA_AHB_PUR_R unused
GPIO_PORTB 00000002

Symbol: GPIO_PORTB
   Definitions
      At line 47 in file gpio.s
   Uses
      At line 169 in file gpio.s
      At line 182 in file gpio.s

GPIO_PORTB_AHB_AFSEL_R 40059420

Symbol: GPIO_PORTB_AHB_AFSEL_R
   Definitions
      At line 43 in file gpio.s
   Uses
      At line 269 in file gpio.s
Comment: GPIO_PORTB_AHB_AFSEL_R used once
GPIO_PORTB_AHB_AMSEL_R 40059528

Symbol: GPIO_PORTB_AHB_AMSEL_R
   Definitions
      At line 40 in file gpio.s



ARM Macro Assembler    Page 4 Alphabetic symbol ordering
Absolute symbols

   Uses
      At line 207 in file gpio.s
Comment: GPIO_PORTB_AHB_AMSEL_R used once
GPIO_PORTB_AHB_CR_R 40059524

Symbol: GPIO_PORTB_AHB_CR_R
   Definitions
      At line 39 in file gpio.s
   Uses
      None
Comment: GPIO_PORTB_AHB_CR_R unused
GPIO_PORTB_AHB_DATA_R 400593FC

Symbol: GPIO_PORTB_AHB_DATA_R
   Definitions
      At line 46 in file gpio.s
   Uses
      At line 414 in file gpio.s
Comment: GPIO_PORTB_AHB_DATA_R used once
GPIO_PORTB_AHB_DEN_R 4005951C

Symbol: GPIO_PORTB_AHB_DEN_R
   Definitions
      At line 44 in file gpio.s
   Uses
      At line 292 in file gpio.s
Comment: GPIO_PORTB_AHB_DEN_R used once
GPIO_PORTB_AHB_DIR_R 40059400

Symbol: GPIO_PORTB_AHB_DIR_R
   Definitions
      At line 42 in file gpio.s
   Uses
      At line 239 in file gpio.s
Comment: GPIO_PORTB_AHB_DIR_R used once
GPIO_PORTB_AHB_LOCK_R 40059520

Symbol: GPIO_PORTB_AHB_LOCK_R
   Definitions
      At line 38 in file gpio.s
   Uses
      None
Comment: GPIO_PORTB_AHB_LOCK_R unused
GPIO_PORTB_AHB_PCTL_R 4005952C

Symbol: GPIO_PORTB_AHB_PCTL_R
   Definitions
      At line 41 in file gpio.s
   Uses
      At line 229 in file gpio.s
Comment: GPIO_PORTB_AHB_PCTL_R used once
GPIO_PORTB_AHB_PUR_R 40059510

Symbol: GPIO_PORTB_AHB_PUR_R
   Definitions
      At line 45 in file gpio.s
   Uses
      None
Comment: GPIO_PORTB_AHB_PUR_R unused



ARM Macro Assembler    Page 5 Alphabetic symbol ordering
Absolute symbols

GPIO_PORTJ 00000100

Symbol: GPIO_PORTJ
   Definitions
      At line 58 in file gpio.s
   Uses
      At line 170 in file gpio.s
      At line 185 in file gpio.s

GPIO_PORTJ_AHB_AFSEL_R 40060420

Symbol: GPIO_PORTJ_AHB_AFSEL_R
   Definitions
      At line 54 in file gpio.s
   Uses
      At line 275 in file gpio.s
Comment: GPIO_PORTJ_AHB_AFSEL_R used once
GPIO_PORTJ_AHB_AMSEL_R 40060528

Symbol: GPIO_PORTJ_AHB_AMSEL_R
   Definitions
      At line 51 in file gpio.s
   Uses
      At line 195 in file gpio.s
Comment: GPIO_PORTJ_AHB_AMSEL_R used once
GPIO_PORTJ_AHB_CR_R 40060524

Symbol: GPIO_PORTJ_AHB_CR_R
   Definitions
      At line 50 in file gpio.s
   Uses
      None
Comment: GPIO_PORTJ_AHB_CR_R unused
GPIO_PORTJ_AHB_DATA_R 400603FC

Symbol: GPIO_PORTJ_AHB_DATA_R
   Definitions
      At line 57 in file gpio.s
   Uses
      At line 487 in file gpio.s
Comment: GPIO_PORTJ_AHB_DATA_R used once
GPIO_PORTJ_AHB_DEN_R 4006051C

Symbol: GPIO_PORTJ_AHB_DEN_R
   Definitions
      At line 55 in file gpio.s
   Uses
      At line 338 in file gpio.s
Comment: GPIO_PORTJ_AHB_DEN_R used once
GPIO_PORTJ_AHB_DIR_R 40060400

Symbol: GPIO_PORTJ_AHB_DIR_R
   Definitions
      At line 53 in file gpio.s
   Uses
      At line 261 in file gpio.s
Comment: GPIO_PORTJ_AHB_DIR_R used once
GPIO_PORTJ_AHB_IBE_R 40060408




ARM Macro Assembler    Page 6 Alphabetic symbol ordering
Absolute symbols

Symbol: GPIO_PORTJ_AHB_IBE_R
   Definitions
      At line 61 in file gpio.s
   Uses
      At line 370 in file gpio.s
Comment: GPIO_PORTJ_AHB_IBE_R used once
GPIO_PORTJ_AHB_ICR_R 4006041C

Symbol: GPIO_PORTJ_AHB_ICR_R
   Definitions
      At line 66 in file gpio.s
   Uses
      At line 377 in file gpio.s
      At line 507 in file gpio.s

GPIO_PORTJ_AHB_IEV_R 4006040C

Symbol: GPIO_PORTJ_AHB_IEV_R
   Definitions
      At line 62 in file gpio.s
   Uses
      At line 374 in file gpio.s
Comment: GPIO_PORTJ_AHB_IEV_R used once
GPIO_PORTJ_AHB_IM_R 40060410

Symbol: GPIO_PORTJ_AHB_IM_R
   Definitions
      At line 65 in file gpio.s
   Uses
      At line 361 in file gpio.s
      At line 381 in file gpio.s

GPIO_PORTJ_AHB_IS_R 40060404

Symbol: GPIO_PORTJ_AHB_IS_R
   Definitions
      At line 60 in file gpio.s
   Uses
      At line 366 in file gpio.s
Comment: GPIO_PORTJ_AHB_IS_R used once
GPIO_PORTJ_AHB_LOCK_R 40060520

Symbol: GPIO_PORTJ_AHB_LOCK_R
   Definitions
      At line 49 in file gpio.s
   Uses
      None
Comment: GPIO_PORTJ_AHB_LOCK_R unused
GPIO_PORTJ_AHB_MIS_R 40060418

Symbol: GPIO_PORTJ_AHB_MIS_R
   Definitions
      At line 64 in file gpio.s
   Uses
      None
Comment: GPIO_PORTJ_AHB_MIS_R unused
GPIO_PORTJ_AHB_PCTL_R 4006052C

Symbol: GPIO_PORTJ_AHB_PCTL_R



ARM Macro Assembler    Page 7 Alphabetic symbol ordering
Absolute symbols

   Definitions
      At line 52 in file gpio.s
   Uses
      At line 217 in file gpio.s
Comment: GPIO_PORTJ_AHB_PCTL_R used once
GPIO_PORTJ_AHB_PUR_R 40060510

Symbol: GPIO_PORTJ_AHB_PUR_R
   Definitions
      At line 56 in file gpio.s
   Uses
      At line 346 in file gpio.s
Comment: GPIO_PORTJ_AHB_PUR_R used once
GPIO_PORTJ_AHB_RIS_R 40060414

Symbol: GPIO_PORTJ_AHB_RIS_R
   Definitions
      At line 63 in file gpio.s
   Uses
      None
Comment: GPIO_PORTJ_AHB_RIS_R unused
GPIO_PORTK 00000200

Symbol: GPIO_PORTK
   Definitions
      At line 80 in file gpio.s
   Uses
      At line 171 in file gpio.s
      At line 186 in file gpio.s

GPIO_PORTK_AHB_AFSEL_R 40061420

Symbol: GPIO_PORTK_AHB_AFSEL_R
   Definitions
      At line 76 in file gpio.s
   Uses
      At line 277 in file gpio.s
Comment: GPIO_PORTK_AHB_AFSEL_R used once
GPIO_PORTK_AHB_AMSEL_R 40061528

Symbol: GPIO_PORTK_AHB_AMSEL_R
   Definitions
      At line 73 in file gpio.s
   Uses
      At line 197 in file gpio.s
Comment: GPIO_PORTK_AHB_AMSEL_R used once
GPIO_PORTK_AHB_CR_R 40061524

Symbol: GPIO_PORTK_AHB_CR_R
   Definitions
      At line 72 in file gpio.s
   Uses
      None
Comment: GPIO_PORTK_AHB_CR_R unused
GPIO_PORTK_AHB_DATA_R 400613FC

Symbol: GPIO_PORTK_AHB_DATA_R
   Definitions
      At line 79 in file gpio.s



ARM Macro Assembler    Page 8 Alphabetic symbol ordering
Absolute symbols

   Uses
      At line 425 in file gpio.s
Comment: GPIO_PORTK_AHB_DATA_R used once
GPIO_PORTK_AHB_DEN_R 4006151C

Symbol: GPIO_PORTK_AHB_DEN_R
   Definitions
      At line 77 in file gpio.s
   Uses
      At line 298 in file gpio.s
Comment: GPIO_PORTK_AHB_DEN_R used once
GPIO_PORTK_AHB_DIR_R 40061400

Symbol: GPIO_PORTK_AHB_DIR_R
   Definitions
      At line 75 in file gpio.s
   Uses
      At line 248 in file gpio.s
Comment: GPIO_PORTK_AHB_DIR_R used once
GPIO_PORTK_AHB_LOCK_R 40061520

Symbol: GPIO_PORTK_AHB_LOCK_R
   Definitions
      At line 71 in file gpio.s
   Uses
      None
Comment: GPIO_PORTK_AHB_LOCK_R unused
GPIO_PORTK_AHB_PCTL_R 4006152C

Symbol: GPIO_PORTK_AHB_PCTL_R
   Definitions
      At line 74 in file gpio.s
   Uses
      At line 219 in file gpio.s
Comment: GPIO_PORTK_AHB_PCTL_R used once
GPIO_PORTK_AHB_PUR_R 40061510

Symbol: GPIO_PORTK_AHB_PUR_R
   Definitions
      At line 78 in file gpio.s
   Uses
      None
Comment: GPIO_PORTK_AHB_PUR_R unused
GPIO_PORTL 00000400

Symbol: GPIO_PORTL
   Definitions
      At line 91 in file gpio.s
   Uses
      At line 172 in file gpio.s
      At line 187 in file gpio.s

GPIO_PORTL_AHB_AFSEL_R 40062420

Symbol: GPIO_PORTL_AHB_AFSEL_R
   Definitions
      At line 87 in file gpio.s
   Uses
      At line 279 in file gpio.s



ARM Macro Assembler    Page 9 Alphabetic symbol ordering
Absolute symbols

Comment: GPIO_PORTL_AHB_AFSEL_R used once
GPIO_PORTL_AHB_AMSEL_R 40062528

Symbol: GPIO_PORTL_AHB_AMSEL_R
   Definitions
      At line 84 in file gpio.s
   Uses
      At line 199 in file gpio.s
Comment: GPIO_PORTL_AHB_AMSEL_R used once
GPIO_PORTL_AHB_CR_R 40062524

Symbol: GPIO_PORTL_AHB_CR_R
   Definitions
      At line 83 in file gpio.s
   Uses
      None
Comment: GPIO_PORTL_AHB_CR_R unused
GPIO_PORTL_AHB_DATA_R 400623FC

Symbol: GPIO_PORTL_AHB_DATA_R
   Definitions
      At line 90 in file gpio.s
   Uses
      At line 496 in file gpio.s
Comment: GPIO_PORTL_AHB_DATA_R used once
GPIO_PORTL_AHB_DEN_R 4006251C

Symbol: GPIO_PORTL_AHB_DEN_R
   Definitions
      At line 88 in file gpio.s
   Uses
      At line 304 in file gpio.s
Comment: GPIO_PORTL_AHB_DEN_R used once
GPIO_PORTL_AHB_DIR_R 40062400

Symbol: GPIO_PORTL_AHB_DIR_R
   Definitions
      At line 86 in file gpio.s
   Uses
      At line 251 in file gpio.s
Comment: GPIO_PORTL_AHB_DIR_R used once
GPIO_PORTL_AHB_LOCK_R 40062520

Symbol: GPIO_PORTL_AHB_LOCK_R
   Definitions
      At line 82 in file gpio.s
   Uses
      None
Comment: GPIO_PORTL_AHB_LOCK_R unused
GPIO_PORTL_AHB_PCTL_R 4006252C

Symbol: GPIO_PORTL_AHB_PCTL_R
   Definitions
      At line 85 in file gpio.s
   Uses
      At line 221 in file gpio.s
Comment: GPIO_PORTL_AHB_PCTL_R used once
GPIO_PORTL_AHB_PUR_R 40062510




ARM Macro Assembler    Page 10 Alphabetic symbol ordering
Absolute symbols

Symbol: GPIO_PORTL_AHB_PUR_R
   Definitions
      At line 89 in file gpio.s
   Uses
      At line 353 in file gpio.s
Comment: GPIO_PORTL_AHB_PUR_R used once
GPIO_PORTM 00000800

Symbol: GPIO_PORTM
   Definitions
      At line 102 in file gpio.s
   Uses
      At line 173 in file gpio.s
      At line 188 in file gpio.s

GPIO_PORTM_AHB_AFSEL_R 40063420

Symbol: GPIO_PORTM_AHB_AFSEL_R
   Definitions
      At line 98 in file gpio.s
   Uses
      At line 281 in file gpio.s
Comment: GPIO_PORTM_AHB_AFSEL_R used once
GPIO_PORTM_AHB_AMSEL_R 40063528

Symbol: GPIO_PORTM_AHB_AMSEL_R
   Definitions
      At line 95 in file gpio.s
   Uses
      At line 201 in file gpio.s
Comment: GPIO_PORTM_AHB_AMSEL_R used once
GPIO_PORTM_AHB_CR_R 40063524

Symbol: GPIO_PORTM_AHB_CR_R
   Definitions
      At line 94 in file gpio.s
   Uses
      None
Comment: GPIO_PORTM_AHB_CR_R unused
GPIO_PORTM_AHB_DATA_R 400633FC

Symbol: GPIO_PORTM_AHB_DATA_R
   Definitions
      At line 101 in file gpio.s
   Uses
      At line 437 in file gpio.s
Comment: GPIO_PORTM_AHB_DATA_R used once
GPIO_PORTM_AHB_DEN_R 4006351C

Symbol: GPIO_PORTM_AHB_DEN_R
   Definitions
      At line 99 in file gpio.s
   Uses
      At line 313 in file gpio.s
Comment: GPIO_PORTM_AHB_DEN_R used once
GPIO_PORTM_AHB_DIR_R 40063400

Symbol: GPIO_PORTM_AHB_DIR_R
   Definitions



ARM Macro Assembler    Page 11 Alphabetic symbol ordering
Absolute symbols

      At line 97 in file gpio.s
   Uses
      At line 254 in file gpio.s
Comment: GPIO_PORTM_AHB_DIR_R used once
GPIO_PORTM_AHB_LOCK_R 40063520

Symbol: GPIO_PORTM_AHB_LOCK_R
   Definitions
      At line 93 in file gpio.s
   Uses
      None
Comment: GPIO_PORTM_AHB_LOCK_R unused
GPIO_PORTM_AHB_PCTL_R 4006352C

Symbol: GPIO_PORTM_AHB_PCTL_R
   Definitions
      At line 96 in file gpio.s
   Uses
      At line 223 in file gpio.s
Comment: GPIO_PORTM_AHB_PCTL_R used once
GPIO_PORTM_AHB_PUR_R 40063510

Symbol: GPIO_PORTM_AHB_PUR_R
   Definitions
      At line 100 in file gpio.s
   Uses
      None
Comment: GPIO_PORTM_AHB_PUR_R unused
GPIO_PORTN 00001000

Symbol: GPIO_PORTN
   Definitions
      At line 113 in file gpio.s
   Uses
      At line 174 in file gpio.s
      At line 189 in file gpio.s

GPIO_PORTN_AHB_AFSEL_R 40064420

Symbol: GPIO_PORTN_AHB_AFSEL_R
   Definitions
      At line 109 in file gpio.s
   Uses
      At line 283 in file gpio.s
Comment: GPIO_PORTN_AHB_AFSEL_R used once
GPIO_PORTN_AHB_AMSEL_R 40064528

Symbol: GPIO_PORTN_AHB_AMSEL_R
   Definitions
      At line 106 in file gpio.s
   Uses
      At line 203 in file gpio.s
Comment: GPIO_PORTN_AHB_AMSEL_R used once
GPIO_PORTN_AHB_CR_R 40064524

Symbol: GPIO_PORTN_AHB_CR_R
   Definitions
      At line 105 in file gpio.s
   Uses



ARM Macro Assembler    Page 12 Alphabetic symbol ordering
Absolute symbols

      None
Comment: GPIO_PORTN_AHB_CR_R unused
GPIO_PORTN_AHB_DATA_R 400643FC

Symbol: GPIO_PORTN_AHB_DATA_R
   Definitions
      At line 112 in file gpio.s
   Uses
      At line 450 in file gpio.s
Comment: GPIO_PORTN_AHB_DATA_R used once
GPIO_PORTN_AHB_DEN_R 4006451C

Symbol: GPIO_PORTN_AHB_DEN_R
   Definitions
      At line 110 in file gpio.s
   Uses
      At line 319 in file gpio.s
Comment: GPIO_PORTN_AHB_DEN_R used once
GPIO_PORTN_AHB_DIR_R 40064400

Symbol: GPIO_PORTN_AHB_DIR_R
   Definitions
      At line 108 in file gpio.s
   Uses
      At line 257 in file gpio.s
Comment: GPIO_PORTN_AHB_DIR_R used once
GPIO_PORTN_AHB_LOCK_R 40064520

Symbol: GPIO_PORTN_AHB_LOCK_R
   Definitions
      At line 104 in file gpio.s
   Uses
      None
Comment: GPIO_PORTN_AHB_LOCK_R unused
GPIO_PORTN_AHB_PCTL_R 4006452C

Symbol: GPIO_PORTN_AHB_PCTL_R
   Definitions
      At line 107 in file gpio.s
   Uses
      At line 225 in file gpio.s
Comment: GPIO_PORTN_AHB_PCTL_R used once
GPIO_PORTN_AHB_PUR_R 40064510

Symbol: GPIO_PORTN_AHB_PUR_R
   Definitions
      At line 111 in file gpio.s
   Uses
      None
Comment: GPIO_PORTN_AHB_PUR_R unused
GPIO_PORTP 00002000

Symbol: GPIO_PORTP
   Definitions
      At line 124 in file gpio.s
   Uses
      At line 175 in file gpio.s
      At line 183 in file gpio.s




ARM Macro Assembler    Page 13 Alphabetic symbol ordering
Absolute symbols

GPIO_PORTP_AHB_AFSEL_R 40065420

Symbol: GPIO_PORTP_AHB_AFSEL_R
   Definitions
      At line 120 in file gpio.s
   Uses
      At line 271 in file gpio.s
Comment: GPIO_PORTP_AHB_AFSEL_R used once
GPIO_PORTP_AHB_AMSEL_R 40065528

Symbol: GPIO_PORTP_AHB_AMSEL_R
   Definitions
      At line 117 in file gpio.s
   Uses
      At line 209 in file gpio.s
Comment: GPIO_PORTP_AHB_AMSEL_R used once
GPIO_PORTP_AHB_CR_R 40065524

Symbol: GPIO_PORTP_AHB_CR_R
   Definitions
      At line 116 in file gpio.s
   Uses
      None
Comment: GPIO_PORTP_AHB_CR_R unused
GPIO_PORTP_AHB_DATA_R 400653FC

Symbol: GPIO_PORTP_AHB_DATA_R
   Definitions
      At line 123 in file gpio.s
   Uses
      At line 462 in file gpio.s
Comment: GPIO_PORTP_AHB_DATA_R used once
GPIO_PORTP_AHB_DEN_R 4006551C

Symbol: GPIO_PORTP_AHB_DEN_R
   Definitions
      At line 121 in file gpio.s
   Uses
      At line 326 in file gpio.s
Comment: GPIO_PORTP_AHB_DEN_R used once
GPIO_PORTP_AHB_DIR_R 40065400

Symbol: GPIO_PORTP_AHB_DIR_R
   Definitions
      At line 119 in file gpio.s
   Uses
      At line 242 in file gpio.s
Comment: GPIO_PORTP_AHB_DIR_R used once
GPIO_PORTP_AHB_LOCK_R 40065520

Symbol: GPIO_PORTP_AHB_LOCK_R
   Definitions
      At line 115 in file gpio.s
   Uses
      None
Comment: GPIO_PORTP_AHB_LOCK_R unused
GPIO_PORTP_AHB_PCTL_R 4006552C

Symbol: GPIO_PORTP_AHB_PCTL_R



ARM Macro Assembler    Page 14 Alphabetic symbol ordering
Absolute symbols

   Definitions
      At line 118 in file gpio.s
   Uses
      At line 231 in file gpio.s
Comment: GPIO_PORTP_AHB_PCTL_R used once
GPIO_PORTP_AHB_PUR_R 40065510

Symbol: GPIO_PORTP_AHB_PUR_R
   Definitions
      At line 122 in file gpio.s
   Uses
      None
Comment: GPIO_PORTP_AHB_PUR_R unused
GPIO_PORTQ 00004000

Symbol: GPIO_PORTQ
   Definitions
      At line 135 in file gpio.s
   Uses
      At line 176 in file gpio.s
      At line 184 in file gpio.s

GPIO_PORTQ_AHB_AFSEL_R 40066420

Symbol: GPIO_PORTQ_AHB_AFSEL_R
   Definitions
      At line 131 in file gpio.s
   Uses
      At line 273 in file gpio.s
Comment: GPIO_PORTQ_AHB_AFSEL_R used once
GPIO_PORTQ_AHB_AMSEL_R 40066528

Symbol: GPIO_PORTQ_AHB_AMSEL_R
   Definitions
      At line 128 in file gpio.s
   Uses
      At line 211 in file gpio.s
Comment: GPIO_PORTQ_AHB_AMSEL_R used once
GPIO_PORTQ_AHB_CR_R 40066524

Symbol: GPIO_PORTQ_AHB_CR_R
   Definitions
      At line 127 in file gpio.s
   Uses
      None
Comment: GPIO_PORTQ_AHB_CR_R unused
GPIO_PORTQ_AHB_DATA_R 400663FC

Symbol: GPIO_PORTQ_AHB_DATA_R
   Definitions
      At line 134 in file gpio.s
   Uses
      At line 474 in file gpio.s
Comment: GPIO_PORTQ_AHB_DATA_R used once
GPIO_PORTQ_AHB_DEN_R 4006651C

Symbol: GPIO_PORTQ_AHB_DEN_R
   Definitions
      At line 132 in file gpio.s



ARM Macro Assembler    Page 15 Alphabetic symbol ordering
Absolute symbols

   Uses
      At line 332 in file gpio.s
Comment: GPIO_PORTQ_AHB_DEN_R used once
GPIO_PORTQ_AHB_DIR_R 40066400

Symbol: GPIO_PORTQ_AHB_DIR_R
   Definitions
      At line 130 in file gpio.s
   Uses
      At line 245 in file gpio.s
Comment: GPIO_PORTQ_AHB_DIR_R used once
GPIO_PORTQ_AHB_LOCK_R 40066520

Symbol: GPIO_PORTQ_AHB_LOCK_R
   Definitions
      At line 126 in file gpio.s
   Uses
      None
Comment: GPIO_PORTQ_AHB_LOCK_R unused
GPIO_PORTQ_AHB_PCTL_R 4006652C

Symbol: GPIO_PORTQ_AHB_PCTL_R
   Definitions
      At line 129 in file gpio.s
   Uses
      At line 233 in file gpio.s
Comment: GPIO_PORTQ_AHB_PCTL_R used once
GPIO_PORTQ_AHB_PUR_R 40066510

Symbol: GPIO_PORTQ_AHB_PUR_R
   Definitions
      At line 133 in file gpio.s
   Uses
      None
Comment: GPIO_PORTQ_AHB_PUR_R unused
NVIC_DIS1_R E000E184

Symbol: NVIC_DIS1_R
   Definitions
      At line 68 in file gpio.s
   Uses
      None
Comment: NVIC_DIS1_R unused
NVIC_EN1_R E000E104

Symbol: NVIC_EN1_R
   Definitions
      At line 69 in file gpio.s
   Uses
      At line 389 in file gpio.s
Comment: NVIC_EN1_R used once
NVIC_PRI12_R E000E430

Symbol: NVIC_PRI12_R
   Definitions
      At line 67 in file gpio.s
   Uses
      At line 385 in file gpio.s
Comment: NVIC_PRI12_R used once



ARM Macro Assembler    Page 16 Alphabetic symbol ordering
Absolute symbols

SYSCTL_PRGPIO_R 400FEA08

Symbol: SYSCTL_PRGPIO_R
   Definitions
      At line 23 in file gpio.s
   Uses
      At line 179 in file gpio.s
Comment: SYSCTL_PRGPIO_R used once
SYSCTL_RCGCGPIO_R 400FE608

Symbol: SYSCTL_RCGCGPIO_R
   Definitions
      At line 22 in file gpio.s
   Uses
      At line 167 in file gpio.s
Comment: SYSCTL_RCGCGPIO_R used once
110 symbols



ARM Macro Assembler    Page 1 Alphabetic symbol ordering
External symbols

EnableInterrupts 00000000

Symbol: EnableInterrupts
   Definitions
      At line 156 in file gpio.s
   Uses
      At line 394 in file gpio.s
Comment: EnableInterrupts used once
SysTick_Wait1ms 00000000

Symbol: SysTick_Wait1ms
   Definitions
      At line 155 in file gpio.s
   Uses
      None
Comment: SysTick_Wait1ms unused
2 symbols
461 symbols in table
