


ARM Macro Assembler    Page 1 


    1 00000000         ; gpio.s
    2 00000000         ; Desenvolvido para a placa EK-TM4C1294XL
    3 00000000         ; Prof. Guilherme Peron
    4 00000000         ; 19/03/2018
    5 00000000         
    6 00000000         ; ------------------------------------------------------
                       -------------------------
    7 00000000                 THUMB                        ; Instruções do tip
                                                            o Thumb-2
    8 00000000         ; ------------------------------------------------------
                       -------------------------
    9 00000000         ; Declarações EQU - Defines
   10 00000000         ; ========================
   11 00000000         ; Definições de Valores
   12 00000000 00000001 
                       BIT0    EQU              2_0001
   13 00000000 00000002 
                       BIT1    EQU              2_0010
   14 00000000         ; ========================
   15 00000000         ; Definições dos Registradores Gerais
   16 00000000 400FE608 
                       SYSCTL_RCGCGPIO_R
                               EQU              0x400FE608
   17 00000000 400FEA08 
                       SYSCTL_PRGPIO_R
                               EQU              0x400FEA08
   18 00000000         ; ========================
   19 00000000         ; Definições dos Ports
   20 00000000         ; PORT J
   21 00000000 40060520 
                       GPIO_PORTJ_AHB_LOCK_R
                               EQU              0x40060520
   22 00000000 40060524 
                       GPIO_PORTJ_AHB_CR_R
                               EQU              0x40060524
   23 00000000 40060528 
                       GPIO_PORTJ_AHB_AMSEL_R
                               EQU              0x40060528
   24 00000000 4006052C 
                       GPIO_PORTJ_AHB_PCTL_R
                               EQU              0x4006052C
   25 00000000 40060400 
                       GPIO_PORTJ_AHB_DIR_R
                               EQU              0x40060400
   26 00000000 40060420 
                       GPIO_PORTJ_AHB_AFSEL_R
                               EQU              0x40060420
   27 00000000 4006051C 
                       GPIO_PORTJ_AHB_DEN_R
                               EQU              0x4006051C
   28 00000000 40060510 
                       GPIO_PORTJ_AHB_PUR_R
                               EQU              0x40060510
   29 00000000 400603FC 
                       GPIO_PORTJ_AHB_DATA_R
                               EQU              0x400603FC
   30 00000000 00000100 
                       GPIO_PORTJ
                               EQU              2_000000100000000



ARM Macro Assembler    Page 2 


   31 00000000         ; PORT N
   32 00000000 40064520 
                       GPIO_PORTN_AHB_LOCK_R
                               EQU              0x40064520
   33 00000000 40064524 
                       GPIO_PORTN_AHB_CR_R
                               EQU              0x40064524
   34 00000000 40064528 
                       GPIO_PORTN_AHB_AMSEL_R
                               EQU              0x40064528
   35 00000000 4006452C 
                       GPIO_PORTN_AHB_PCTL_R
                               EQU              0x4006452C
   36 00000000 40064400 
                       GPIO_PORTN_AHB_DIR_R
                               EQU              0x40064400
   37 00000000 40064420 
                       GPIO_PORTN_AHB_AFSEL_R
                               EQU              0x40064420
   38 00000000 4006451C 
                       GPIO_PORTN_AHB_DEN_R
                               EQU              0x4006451C
   39 00000000 40064510 
                       GPIO_PORTN_AHB_PUR_R
                               EQU              0x40064510
   40 00000000 400643FC 
                       GPIO_PORTN_AHB_DATA_R
                               EQU              0x400643FC
   41 00000000 00001000 
                       GPIO_PORTN
                               EQU              2_001000000000000
   42 00000000         
   43 00000000         
   44 00000000         ; ------------------------------------------------------
                       -------------------------
   45 00000000         ; Área de Código - Tudo abaixo da diretiva a seguir será
                        armazenado na memória de 
   46 00000000         ;                  código
   47 00000000                 AREA             |.text|, CODE, READONLY, ALIGN=
2
   48 00000000         
   49 00000000         ; Se alguma função do arquivo for chamada em outro arqui
                       vo 
   50 00000000                 EXPORT           GPIO_Init   ; Permite chamar GP
                                                            IO_Init de outro ar
                                                            quivo
   51 00000000                 EXPORT           PortN_Output ; Permite chamar P
                                                            ortN_Output de outr
                                                            o arquivo
   52 00000000                 EXPORT           PortJ_Input ; Permite chamar Po
                                                            rtJ_Input de outro 
                                                            arquivo
   53 00000000         
   54 00000000         
   55 00000000         ;-------------------------------------------------------
                       -------------------------
   56 00000000         ; Função GPIO_Init
   57 00000000         ; Parâmetro de entrada: Não tem
   58 00000000         ; Parâmetro de saída: Não tem



ARM Macro Assembler    Page 3 


   59 00000000         GPIO_Init
   60 00000000         ;=====================
   61 00000000         ; 1. Ativar o clock para a porta setando o bit correspon
                       dente no registrador RCGCGPIO,
   62 00000000         ; após isso verificar no PRGPIO se a porta está pronta p
                       ara uso.
   63 00000000         ; enable clock to GPIOF at clock gating register
   64 00000000 4826            LDR              R0, =SYSCTL_RCGCGPIO_R ;Carrega
                                                             o endereço do regi
                                                            strador RCGCGPIO
   65 00000002 F44F 5180       MOV              R1, #GPIO_PORTN ;Seta o bit da 
                                                            porta N
   66 00000006 F441 7180       ORR              R1, #GPIO_PORTJ ;Seta o bit da 
                                                            porta J, fazendo co
                                                            m OR
   67 0000000A 6001            STR              R1, [R0]    ;Move para a memóri
                                                            a os bits das porta
                                                            s no endereço do RC
                                                            GCGPIO
   68 0000000C         
   69 0000000C 4824            LDR              R0, =SYSCTL_PRGPIO_R ;Carrega o
                                                             endereço do PRGPIO
                                                             para esperar os GP
                                                            IO ficarem prontos
   70 0000000E 6801    EsperaGPIO
                               LDR              R1, [R0]    ;Lê da memória o co
                                                            nteúdo do endereço 
                                                            do registrador
   71 00000010 F44F 5280       MOV              R2, #GPIO_PORTN ;Seta os bits c
                                                            orrespondentes às p
                                                            ortas para fazer a 
                                                            comparação
   72 00000014 F442 7280       ORR              R2, #GPIO_PORTJ ;Seta o bit da 
                                                            porta J, fazendo co
                                                            m OR
   73 00000018 4211            TST              R1, R2      ;ANDS de R1 com R2
   74 0000001A D0F8            BEQ              EsperaGPIO  ;Se o flag Z=1, vol
                                                            ta para o laço. Sen
                                                            ão continua executa
                                                            ndo
   75 0000001C         
   76 0000001C         ; 2. Limpar o AMSEL para desabilitar a analógica
   77 0000001C F04F 0100       MOV              R1, #0x00   ;Colocar 0 no regis
                                                            trador para desabil
                                                            itar a função analó
                                                            gica
   78 00000020 4820            LDR              R0, =GPIO_PORTJ_AHB_AMSEL_R ;Ca
                                                            rrega o R0 com o en
                                                            dereço do AMSEL par
                                                            a a porta J
   79 00000022 6001            STR              R1, [R0]    ;Guarda no registra
                                                            dor AMSEL da porta 
                                                            J da memória
   80 00000024 4820            LDR              R0, =GPIO_PORTN_AHB_AMSEL_R ;Ca
                                                            rrega o R0 com o en
                                                            dereço do AMSEL par
                                                            a a porta N
   81 00000026 6001            STR              R1, [R0]    ;Guarda no registra
                                                            dor AMSEL da porta 



ARM Macro Assembler    Page 4 


                                                            N da memória
   82 00000028         
   83 00000028         ; 3. Limpar PCTL para selecionar o GPIO
   84 00000028 F04F 0100       MOV              R1, #0x00   ;Colocar 0 no regis
                                                            trador para selecio
                                                            nar o modo GPIO
   85 0000002C 481F            LDR              R0, =GPIO_PORTJ_AHB_PCTL_R ;Car
                                                            rega o R0 com o end
                                                            ereço do PCTL para 
                                                            a porta J
   86 0000002E 6001            STR              R1, [R0]    ;Guarda no registra
                                                            dor PCTL da porta J
                                                             da memória
   87 00000030 481F            LDR              R0, =GPIO_PORTN_AHB_PCTL_R ;Car
                                                            rega o R0 com o end
                                                            ereço do PCTL para 
                                                            a porta N
   88 00000032 6001            STR              R1, [R0]    ;Guarda no registra
                                                            dor PCTL da porta N
                                                             da memória
   89 00000034         ; 4. DIR para 0 se for entrada, 1 se for saída
   90 00000034 481F            LDR              R0, =GPIO_PORTN_AHB_DIR_R ;Carr
                                                            ega o R0 com o ende
                                                            reço do DIR para a 
                                                            porta N
   91 00000036 F04F 0101       MOV              R1, #BIT0   ;PN1 & PN0 para LED
                                                            
   92 0000003A F041 0102       ORR              R1, #BIT1   ;Enviar o valor 0x0
                                                            3 para habilitar os
                                                             pinos como saída
   93 0000003E 6001            STR              R1, [R0]    ;Guarda no registra
                                                            dor
   94 00000040         ; O certo era verificar os outros bits da PJ para não tr
                       ansformar entradas em saídas desnecessárias
   95 00000040 481D            LDR              R0, =GPIO_PORTJ_AHB_DIR_R ;Carr
                                                            ega o R0 com o ende
                                                            reço do DIR para a 
                                                            porta J
   96 00000042 F04F 0100       MOV              R1, #0x00   ;Colocar 0 no regis
                                                            trador DIR para fun
                                                            cionar com saída
   97 00000046 6001            STR              R1, [R0]    ;Guarda no registra
                                                            dor PCTL da porta J
                                                             da memória
   98 00000048         ; 5. Limpar os bits AFSEL para 0 para selecionar GPIO 
   99 00000048         ;    Sem função alternativa
  100 00000048 F04F 0100       MOV              R1, #0x00   ;Colocar o valor 0 
                                                            para não setar funç
                                                            ão alternativa
  101 0000004C 481B            LDR              R0, =GPIO_PORTN_AHB_AFSEL_R ;Ca
                                                            rrega o endereço do
                                                             AFSEL da porta N
  102 0000004E 6001            STR              R1, [R0]    ;Escreve na porta
  103 00000050 481B            LDR              R0, =GPIO_PORTJ_AHB_AFSEL_R ;Ca
                                                            rrega o endereço do
                                                             AFSEL da porta J
  104 00000052 6001            STR              R1, [R0]    ;Escreve na porta
  105 00000054         ; 6. Setar os bits de DEN para habilitar I/O digital
  106 00000054 481B            LDR              R0, =GPIO_PORTN_AHB_DEN_R ;Carr



ARM Macro Assembler    Page 5 


                                                            ega o endereço do D
                                                            EN
  107 00000056 6801            LDR              R1, [R0]    ;Ler da memória o r
                                                            egistrador GPIO_POR
                                                            TN_AHB_DEN_R
  108 00000058 F04F 0201       MOV              R2, #BIT0
  109 0000005C F042 0202       ORR              R2, #BIT1   ;Habilitar funciona
                                                            lidade digital na D
                                                            EN os bits 0 e 1
  110 00000060 EA41 0102       ORR              R1, R2
  111 00000064 6001            STR              R1, [R0]    ;Escreve no registr
                                                            ador da memória fun
                                                            cionalidade digital
                                                             
  112 00000066         
  113 00000066 4818            LDR              R0, =GPIO_PORTJ_AHB_DEN_R ;Carr
                                                            ega o endereço do D
                                                            EN
  114 00000068 6801            LDR              R1, [R0]    ;Ler da memória o r
                                                            egistrador GPIO_POR
                                                            TN_AHB_DEN_R
  115 0000006A F04F 0201       MOV              R2, #BIT0
  116 0000006E F042 0202       ORR              R2, #BIT1   ;Habilitar funciona
                                                            lidade digital na D
                                                            EN os bits 0 e 1
  117 00000072 EA41 0102       ORR              R1, R2
  118 00000076 6001            STR              R1, [R0]    ;Escreve no registr
                                                            ador da memória fun
                                                            cionalidade digital
                                                            
  119 00000078         
  120 00000078         ; 7. Para habilitar resistor de pull-up interno, setar P
                       UR para 1
  121 00000078 4814            LDR              R0, =GPIO_PORTJ_AHB_PUR_R ;Carr
                                                            ega o endereço do P
                                                            UR para a porta J
  122 0000007A F04F 0101       MOV              R1, #BIT0   ;Habilitar funciona
                                                            lidade digital de r
                                                            esistor de pull-up 
                                                            
  123 0000007E F041 0102       ORR              R1, #BIT1   ;nos bits 0 e 1
  124 00000082 6001            STR              R1, [R0]    ;Escreve no registr
                                                            ador da memória do 
                                                            resistor de pull-up
                                                            
  125 00000084 4770            BX               LR
  126 00000086         
  127 00000086         ; ------------------------------------------------------
                       -------------------------
  128 00000086         ; Função PortN_Output
  129 00000086         ; Parâmetro de entrada: R0 --> se os BIT1 e BIT0 estão l
                       igado ou desligado
  130 00000086         ; Parâmetro de saída: Não tem
  131 00000086         PortN_Output
  132 00000086 4912            LDR              R1, =GPIO_PORTN_AHB_DATA_R ;Car
                                                            rega o valor do off
                                                            set do data registe
                                                            r
  133 00000088         ;Read-Modify-Write para escrita



ARM Macro Assembler    Page 6 


  134 00000088 680A            LDR              R2, [R1]
  135 0000008A F022 0203       BIC              R2, #2_00000011 ;Primeiro limpa
                                                            mos os dois bits do
                                                             lido da porta R2 =
                                                             R2 & 11111100
  136 0000008E EA40 0002       ORR              R0, R0, R2  ;Fazer o OR do lido
                                                             pela porta com o p
                                                            arâmetro de entrada
                                                            
  137 00000092 6008            STR              R0, [R1]    ;Escreve na porta N
                                                             o barramento de da
                                                            dos dos pinos [N5-N
                                                            0]
  138 00000094 4770            BX               LR          ;Retorno
  139 00000096         
  140 00000096         ; ------------------------------------------------------
                       -------------------------
  141 00000096         ; Função PortJ_Input
  142 00000096         ; Parâmetro de entrada: Não tem
  143 00000096         ; Parâmetro de saída: R0 --> o valor da leitura
  144 00000096         PortJ_Input
  145 00000096 490F            LDR              R1, =GPIO_PORTJ_AHB_DATA_R ;Car
                                                            rega o valor do off
                                                            set do data registe
                                                            r
  146 00000098 6808            LDR              R0, [R1]    ;Lê no barramento d
                                                            e dados dos pinos [
                                                            J1-J0]
  147 0000009A 4770            BX               LR          ;Retorno
  148 0000009C         
  149 0000009C         
  150 0000009C         
  151 0000009C                 ALIGN                        ; garante que o fim
                                                             da seção está alin
                                                            hada 
  152 0000009C                 END                          ; fim do arquivo
              400FE608 
              400FEA08 
              40060528 
              40064528 
              4006052C 
              4006452C 
              40064400 
              40060400 
              40064420 
              40060420 
              4006451C 
              4006051C 
              40060510 
              400643FC 
              400603FC 
Command Line: --debug --xref --diag_suppress=9931 --cpu=Cortex-M4.fp --apcs=int
erwork --depend=.\objects\gpio.d -o.\objects\gpio.o -I.\RTE\_Target_1 -IC:\Keil
_v5\ARM\PACK\Keil\TM4C_DFP\1.1.0\Device\Include\TM4C129 -IC:\Keil_v5\ARM\CMSIS\
Include --predefine="__EVAL SETA 1" --predefine="__UVISION_VERSION SETA 526" --
predefine="TM4C1294NCPDT SETA 1" --list=.\listings\gpio.lst gpio.s



ARM Macro Assembler    Page 1 Alphabetic symbol ordering
Relocatable symbols

.text 00000000

Symbol: .text
   Definitions
      At line 47 in file gpio.s
   Uses
      None
Comment: .text unused
EsperaGPIO 0000000E

Symbol: EsperaGPIO
   Definitions
      At line 70 in file gpio.s
   Uses
      At line 74 in file gpio.s
Comment: EsperaGPIO used once
GPIO_Init 00000000

Symbol: GPIO_Init
   Definitions
      At line 59 in file gpio.s
   Uses
      At line 50 in file gpio.s
Comment: GPIO_Init used once
PortJ_Input 00000096

Symbol: PortJ_Input
   Definitions
      At line 144 in file gpio.s
   Uses
      At line 52 in file gpio.s
Comment: PortJ_Input used once
PortN_Output 00000086

Symbol: PortN_Output
   Definitions
      At line 131 in file gpio.s
   Uses
      At line 51 in file gpio.s
Comment: PortN_Output used once
5 symbols



ARM Macro Assembler    Page 1 Alphabetic symbol ordering
Absolute symbols

BIT0 00000001

Symbol: BIT0
   Definitions
      At line 12 in file gpio.s
   Uses
      At line 91 in file gpio.s
      At line 108 in file gpio.s
      At line 115 in file gpio.s
      At line 122 in file gpio.s

BIT1 00000002

Symbol: BIT1
   Definitions
      At line 13 in file gpio.s
   Uses
      At line 92 in file gpio.s
      At line 109 in file gpio.s
      At line 116 in file gpio.s
      At line 123 in file gpio.s

GPIO_PORTJ 00000100

Symbol: GPIO_PORTJ
   Definitions
      At line 30 in file gpio.s
   Uses
      At line 66 in file gpio.s
      At line 72 in file gpio.s

GPIO_PORTJ_AHB_AFSEL_R 40060420

Symbol: GPIO_PORTJ_AHB_AFSEL_R
   Definitions
      At line 26 in file gpio.s
   Uses
      At line 103 in file gpio.s
Comment: GPIO_PORTJ_AHB_AFSEL_R used once
GPIO_PORTJ_AHB_AMSEL_R 40060528

Symbol: GPIO_PORTJ_AHB_AMSEL_R
   Definitions
      At line 23 in file gpio.s
   Uses
      At line 78 in file gpio.s
Comment: GPIO_PORTJ_AHB_AMSEL_R used once
GPIO_PORTJ_AHB_CR_R 40060524

Symbol: GPIO_PORTJ_AHB_CR_R
   Definitions
      At line 22 in file gpio.s
   Uses
      None
Comment: GPIO_PORTJ_AHB_CR_R unused
GPIO_PORTJ_AHB_DATA_R 400603FC

Symbol: GPIO_PORTJ_AHB_DATA_R
   Definitions



ARM Macro Assembler    Page 2 Alphabetic symbol ordering
Absolute symbols

      At line 29 in file gpio.s
   Uses
      At line 145 in file gpio.s
Comment: GPIO_PORTJ_AHB_DATA_R used once
GPIO_PORTJ_AHB_DEN_R 4006051C

Symbol: GPIO_PORTJ_AHB_DEN_R
   Definitions
      At line 27 in file gpio.s
   Uses
      At line 113 in file gpio.s
Comment: GPIO_PORTJ_AHB_DEN_R used once
GPIO_PORTJ_AHB_DIR_R 40060400

Symbol: GPIO_PORTJ_AHB_DIR_R
   Definitions
      At line 25 in file gpio.s
   Uses
      At line 95 in file gpio.s
Comment: GPIO_PORTJ_AHB_DIR_R used once
GPIO_PORTJ_AHB_LOCK_R 40060520

Symbol: GPIO_PORTJ_AHB_LOCK_R
   Definitions
      At line 21 in file gpio.s
   Uses
      None
Comment: GPIO_PORTJ_AHB_LOCK_R unused
GPIO_PORTJ_AHB_PCTL_R 4006052C

Symbol: GPIO_PORTJ_AHB_PCTL_R
   Definitions
      At line 24 in file gpio.s
   Uses
      At line 85 in file gpio.s
Comment: GPIO_PORTJ_AHB_PCTL_R used once
GPIO_PORTJ_AHB_PUR_R 40060510

Symbol: GPIO_PORTJ_AHB_PUR_R
   Definitions
      At line 28 in file gpio.s
   Uses
      At line 121 in file gpio.s
Comment: GPIO_PORTJ_AHB_PUR_R used once
GPIO_PORTN 00001000

Symbol: GPIO_PORTN
   Definitions
      At line 41 in file gpio.s
   Uses
      At line 65 in file gpio.s
      At line 71 in file gpio.s

GPIO_PORTN_AHB_AFSEL_R 40064420

Symbol: GPIO_PORTN_AHB_AFSEL_R
   Definitions
      At line 37 in file gpio.s
   Uses



ARM Macro Assembler    Page 3 Alphabetic symbol ordering
Absolute symbols

      At line 101 in file gpio.s
Comment: GPIO_PORTN_AHB_AFSEL_R used once
GPIO_PORTN_AHB_AMSEL_R 40064528

Symbol: GPIO_PORTN_AHB_AMSEL_R
   Definitions
      At line 34 in file gpio.s
   Uses
      At line 80 in file gpio.s
Comment: GPIO_PORTN_AHB_AMSEL_R used once
GPIO_PORTN_AHB_CR_R 40064524

Symbol: GPIO_PORTN_AHB_CR_R
   Definitions
      At line 33 in file gpio.s
   Uses
      None
Comment: GPIO_PORTN_AHB_CR_R unused
GPIO_PORTN_AHB_DATA_R 400643FC

Symbol: GPIO_PORTN_AHB_DATA_R
   Definitions
      At line 40 in file gpio.s
   Uses
      At line 132 in file gpio.s
Comment: GPIO_PORTN_AHB_DATA_R used once
GPIO_PORTN_AHB_DEN_R 4006451C

Symbol: GPIO_PORTN_AHB_DEN_R
   Definitions
      At line 38 in file gpio.s
   Uses
      At line 106 in file gpio.s
Comment: GPIO_PORTN_AHB_DEN_R used once
GPIO_PORTN_AHB_DIR_R 40064400

Symbol: GPIO_PORTN_AHB_DIR_R
   Definitions
      At line 36 in file gpio.s
   Uses
      At line 90 in file gpio.s
Comment: GPIO_PORTN_AHB_DIR_R used once
GPIO_PORTN_AHB_LOCK_R 40064520

Symbol: GPIO_PORTN_AHB_LOCK_R
   Definitions
      At line 32 in file gpio.s
   Uses
      None
Comment: GPIO_PORTN_AHB_LOCK_R unused
GPIO_PORTN_AHB_PCTL_R 4006452C

Symbol: GPIO_PORTN_AHB_PCTL_R
   Definitions
      At line 35 in file gpio.s
   Uses
      At line 87 in file gpio.s
Comment: GPIO_PORTN_AHB_PCTL_R used once
GPIO_PORTN_AHB_PUR_R 40064510



ARM Macro Assembler    Page 4 Alphabetic symbol ordering
Absolute symbols


Symbol: GPIO_PORTN_AHB_PUR_R
   Definitions
      At line 39 in file gpio.s
   Uses
      None
Comment: GPIO_PORTN_AHB_PUR_R unused
SYSCTL_PRGPIO_R 400FEA08

Symbol: SYSCTL_PRGPIO_R
   Definitions
      At line 17 in file gpio.s
   Uses
      At line 69 in file gpio.s
Comment: SYSCTL_PRGPIO_R used once
SYSCTL_RCGCGPIO_R 400FE608

Symbol: SYSCTL_RCGCGPIO_R
   Definitions
      At line 16 in file gpio.s
   Uses
      At line 64 in file gpio.s
Comment: SYSCTL_RCGCGPIO_R used once
24 symbols
365 symbols in table
